TN:
SF:middleware/auth.js
FN:30,(anonymous_0)
FN:38,(anonymous_1)
FN:58,(anonymous_2)
FN:68,(anonymous_3)
FNF:4
FNH:0
FNDA:0,(anonymous_0)
FNDA:0,(anonymous_1)
FNDA:0,(anonymous_2)
FNDA:0,(anonymous_3)
DA:6,1
DA:9,1
DA:10,0
DA:11,0
DA:12,0
DA:13,0
DA:16,1
DA:30,1
DA:31,0
DA:32,0
DA:34,0
DA:35,0
DA:38,0
DA:39,0
DA:40,0
DA:44,0
DA:47,0
DA:48,0
DA:49,0
DA:51,0
DA:58,1
DA:59,0
DA:60,0
DA:62,0
DA:68,1
DA:69,0
DA:70,0
DA:72,0
DA:75,1
LF:29
LH:7
BRDA:9,0,0,0
BRDA:9,0,1,1
BRDA:32,1,0,0
BRDA:32,1,1,0
BRDA:34,2,0,0
BRDA:34,2,1,0
BRDA:39,3,0,0
BRDA:39,3,1,0
BRDA:47,4,0,0
BRDA:47,4,1,0
BRDA:47,4,2,0
BRDA:59,5,0,0
BRDA:59,5,1,0
BRDA:59,6,0,0
BRDA:59,6,1,0
BRDA:69,7,0,0
BRDA:69,7,1,0
BRDA:69,8,0,0
BRDA:69,8,1,0
BRF:19
BRH:1
end_of_record
TN:
SF:middleware/checkTrialStatus.js
FN:12,(anonymous_0)
FNF:1
FNH:0
FNDA:0,(anonymous_0)
DA:6,0
DA:12,0
DA:13,0
DA:14,0
DA:17,0
DA:18,0
DA:22,0
DA:23,0
DA:27,0
DA:40,0
DA:41,0
DA:47,0
DA:50,0
DA:53,0
DA:55,0
DA:60,0
DA:69,0
DA:73,0
DA:75,0
DA:80,0
DA:90,0
DA:94,0
DA:105,0
DA:115,0
DA:116,0
DA:120,0
DA:122,0
DA:126,0
LF:28
LH:0
BRDA:17,0,0,0
BRDA:17,0,1,0
BRDA:22,1,0,0
BRDA:22,1,1,0
BRDA:40,2,0,0
BRDA:40,2,1,0
BRDA:50,3,0,0
BRDA:50,3,1,0
BRDA:50,3,2,0
BRDA:50,3,3,0
BRDA:50,3,4,0
BRDA:50,3,5,0
BRDA:53,4,0,0
BRDA:53,4,1,0
BRDA:53,5,0,0
BRDA:53,5,1,0
BRDA:73,6,0,0
BRDA:73,6,1,0
BRDA:108,7,0,0
BRDA:108,7,1,0
BRF:20
BRH:0
end_of_record
TN:
SF:middleware/featureAccess.js
FN:12,requireFeature
FN:13,(anonymous_1)
FN:119,checkMemberLimit
FN:169,checkStorageLimit
FNF:4
FNH:0
FNDA:0,requireFeature
FNDA:0,(anonymous_1)
FNDA:0,checkMemberLimit
FNDA:0,checkStorageLimit
DA:1,0
DA:13,0
DA:14,0
DA:16,0
DA:18,0
DA:19,0
DA:26,0
DA:38,0
DA:39,0
DA:46,0
DA:49,0
DA:50,0
DA:59,0
DA:60,0
DA:61,0
DA:63,0
DA:64,0
DA:75,0
DA:83,0
DA:85,0
DA:86,0
DA:91,0
DA:93,0
DA:94,0
DA:104,0
DA:105,0
DA:108,0
DA:109,0
DA:120,0
DA:121,0
DA:123,0
DA:124,0
DA:128,0
DA:133,0
DA:134,0
DA:137,0
DA:140,0
DA:145,0
DA:147,0
DA:148,0
DA:157,0
DA:158,0
DA:161,0
DA:162,0
DA:170,0
DA:171,0
DA:172,0
DA:174,0
DA:175,0
DA:178,0
DA:183,0
DA:184,0
DA:187,0
DA:188,0
DA:189,0
DA:191,0
DA:192,0
DA:202,0
DA:205,0
DA:206,0
DA:210,0
LF:61
LH:0
BRDA:16,0,0,0
BRDA:16,0,1,0
BRDA:16,0,2,0
BRDA:18,1,0,0
BRDA:18,1,1,0
BRDA:38,2,0,0
BRDA:38,2,1,0
BRDA:49,3,0,0
BRDA:49,3,1,0
BRDA:49,4,0,0
BRDA:49,4,1,0
BRDA:49,4,2,0
BRDA:59,5,0,0
BRDA:59,5,1,0
BRDA:59,6,0,0
BRDA:59,6,1,0
BRDA:63,7,0,0
BRDA:63,7,1,0
BRDA:85,8,0,0
BRDA:85,8,1,0
BRDA:91,9,0,0
BRDA:91,9,1,0
BRDA:93,10,0,0
BRDA:93,10,1,0
BRDA:121,11,0,0
BRDA:121,11,1,0
BRDA:123,12,0,0
BRDA:123,12,1,0
BRDA:133,13,0,0
BRDA:133,13,1,0
BRDA:133,14,0,0
BRDA:133,14,1,0
BRDA:147,15,0,0
BRDA:147,15,1,0
BRDA:172,16,0,0
BRDA:172,16,1,0
BRDA:174,17,0,0
BRDA:174,17,1,0
BRDA:174,18,0,0
BRDA:174,18,1,0
BRDA:183,19,0,0
BRDA:183,19,1,0
BRDA:187,20,0,0
BRDA:187,20,1,0
BRDA:188,21,0,0
BRDA:188,21,1,0
BRDA:191,22,0,0
BRDA:191,22,1,0
BRF:48
BRH:0
end_of_record
TN:
SF:middleware/multiTenancy.js
FN:12,(anonymous_0)
FN:66,(anonymous_1)
FN:67,(anonymous_2)
FN:120,(anonymous_3)
FN:137,(anonymous_4)
FN:138,(anonymous_5)
FN:141,(anonymous_6)
FNF:7
FNH:0
FNDA:0,(anonymous_0)
FNDA:0,(anonymous_1)
FNDA:0,(anonymous_2)
FNDA:0,(anonymous_3)
FNDA:0,(anonymous_4)
FNDA:0,(anonymous_5)
FNDA:0,(anonymous_6)
DA:6,0
DA:12,0
DA:14,0
DA:15,0
DA:19,0
DA:23,0
DA:24,0
DA:28,0
DA:32,0
DA:33,0
DA:37,0
DA:38,0
DA:39,0
DA:43,0
DA:47,0
DA:48,0
DA:56,0
DA:66,0
DA:67,0
DA:68,0
DA:69,0
DA:70,0
DA:72,0
DA:73,0
DA:77,0
DA:79,0
DA:80,0
DA:86,0
DA:90,0
DA:91,0
DA:98,0
DA:102,0
DA:104,0
DA:106,0
DA:111,0
DA:120,0
DA:121,0
DA:122,0
DA:127,0
DA:130,0
DA:137,0
DA:138,0
DA:139,0
DA:141,0
DA:143,0
DA:155,0
DA:158,0
DA:162,0
LF:48
LH:0
BRDA:14,0,0,0
BRDA:14,0,1,0
BRDA:23,1,0,0
BRDA:23,1,1,0
BRDA:23,2,0,0
BRDA:23,2,1,0
BRDA:25,3,0,0
BRDA:25,3,1,0
BRDA:32,4,0,0
BRDA:32,4,1,0
BRDA:38,5,0,0
BRDA:38,5,1,0
BRDA:47,6,0,0
BRDA:47,6,1,0
BRDA:72,7,0,0
BRDA:72,7,1,0
BRDA:79,8,0,0
BRDA:79,8,1,0
BRDA:90,9,0,0
BRDA:90,9,1,0
BRDA:90,10,0,0
BRDA:90,10,1,0
BRDA:121,11,0,0
BRDA:121,11,1,0
BRF:24
BRH:0
end_of_record
TN:
SF:routes/ManualSepaProvider.js
FN:5,(anonymous_0)
FN:9,(anonymous_1)
FN:13,(anonymous_2)
FN:18,(anonymous_3)
FN:28,(anonymous_4)
FN:29,(anonymous_5)
FN:36,(anonymous_6)
FN:46,(anonymous_7)
FN:70,(anonymous_8)
FN:75,(anonymous_9)
FN:76,(anonymous_10)
FN:94,(anonymous_11)
FN:104,(anonymous_12)
FN:105,(anonymous_13)
FN:120,(anonymous_14)
FN:130,(anonymous_15)
FN:132,(anonymous_16)
FN:139,(anonymous_17)
FN:162,(anonymous_18)
FN:163,(anonymous_19)
FN:173,(anonymous_20)
FN:184,(anonymous_21)
FN:208,(anonymous_22)
FN:209,(anonymous_23)
FN:224,(anonymous_24)
FN:235,(anonymous_25)
FN:236,(anonymous_26)
FN:247,(anonymous_27)
FN:257,(anonymous_28)
FN:260,(anonymous_29)
FN:281,(anonymous_30)
FN:286,(anonymous_31)
FN:301,(anonymous_32)
FN:307,(anonymous_33)
FN:314,(anonymous_34)
FN:315,(anonymous_35)
FN:328,(anonymous_36)
FNF:37
FNH:0
FNDA:0,(anonymous_0)
FNDA:0,(anonymous_1)
FNDA:0,(anonymous_2)
FNDA:0,(anonymous_3)
FNDA:0,(anonymous_4)
FNDA:0,(anonymous_5)
FNDA:0,(anonymous_6)
FNDA:0,(anonymous_7)
FNDA:0,(anonymous_8)
FNDA:0,(anonymous_9)
FNDA:0,(anonymous_10)
FNDA:0,(anonymous_11)
FNDA:0,(anonymous_12)
FNDA:0,(anonymous_13)
FNDA:0,(anonymous_14)
FNDA:0,(anonymous_15)
FNDA:0,(anonymous_16)
FNDA:0,(anonymous_17)
FNDA:0,(anonymous_18)
FNDA:0,(anonymous_19)
FNDA:0,(anonymous_20)
FNDA:0,(anonymous_21)
FNDA:0,(anonymous_22)
FNDA:0,(anonymous_23)
FNDA:0,(anonymous_24)
FNDA:0,(anonymous_25)
FNDA:0,(anonymous_26)
FNDA:0,(anonymous_27)
FNDA:0,(anonymous_28)
FNDA:0,(anonymous_29)
FNDA:0,(anonymous_30)
FNDA:0,(anonymous_31)
FNDA:0,(anonymous_32)
FNDA:0,(anonymous_33)
FNDA:0,(anonymous_34)
FNDA:0,(anonymous_35)
FNDA:0,(anonymous_36)
DA:1,0
DA:2,0
DA:6,0
DA:10,0
DA:15,0
DA:19,0
DA:29,0
DA:30,0
DA:36,0
DA:37,0
DA:38,0
DA:39,0
DA:41,0
DA:47,0
DA:49,0
DA:52,0
DA:55,0
DA:56,0
DA:64,0
DA:65,0
DA:66,0
DA:71,0
DA:72,0
DA:76,0
DA:77,0
DA:84,0
DA:94,0
DA:95,0
DA:96,0
DA:97,0
DA:99,0
DA:105,0
DA:106,0
DA:112,0
DA:120,0
DA:121,0
DA:122,0
DA:123,0
DA:125,0
DA:131,0
DA:132,0
DA:133,0
DA:139,0
DA:140,0
DA:141,0
DA:143,0
DA:147,0
DA:148,0
DA:150,0
DA:156,0
DA:157,0
DA:158,0
DA:163,0
DA:164,0
DA:173,0
DA:174,0
DA:175,0
DA:176,0
DA:179,0
DA:185,0
DA:187,0
DA:189,0
DA:190,0
DA:194,0
DA:195,0
DA:202,0
DA:203,0
DA:204,0
DA:209,0
DA:210,0
DA:224,0
DA:225,0
DA:226,0
DA:227,0
DA:230,0
DA:236,0
DA:237,0
DA:247,0
DA:248,0
DA:249,0
DA:250,0
DA:252,0
DA:258,0
DA:259,0
DA:260,0
DA:262,0
DA:263,0
DA:267,0
DA:268,0
DA:276,0
DA:277,0
DA:283,0
DA:284,0
DA:286,0
DA:287,0
DA:295,0
DA:298,0
DA:302,0
DA:307,0
DA:308,0
DA:309,0
DA:315,0
DA:316,0
DA:328,0
DA:329,0
DA:330,0
DA:331,0
DA:334,0
DA:340,0
LF:109
LH:0
BRDA:37,0,0,0
BRDA:37,0,1,0
BRDA:41,1,0,0
BRDA:41,1,1,0
BRDA:95,2,0,0
BRDA:95,2,1,0
BRDA:121,3,0,0
BRDA:121,3,1,0
BRDA:140,4,0,0
BRDA:140,4,1,0
BRDA:147,5,0,0
BRDA:147,5,1,0
BRDA:174,6,0,0
BRDA:174,6,1,0
BRDA:179,7,0,0
BRDA:179,7,1,0
BRDA:189,8,0,0
BRDA:189,8,1,0
BRDA:225,9,0,0
BRDA:225,9,1,0
BRDA:230,10,0,0
BRDA:230,10,1,0
BRDA:248,11,0,0
BRDA:248,11,1,0
BRDA:262,12,0,0
BRDA:262,12,1,0
BRDA:308,13,0,0
BRDA:308,13,1,0
BRDA:329,14,0,0
BRDA:329,14,1,0
BRF:30
BRH:0
end_of_record
TN:
SF:routes/PaymentProviderFactory.js
FN:6,(anonymous_0)
FN:25,(anonymous_1)
FN:26,(anonymous_2)
FN:50,(anonymous_3)
FN:70,(anonymous_4)
FN:71,(anonymous_5)
FN:103,(anonymous_6)
FN:116,(anonymous_7)
FN:122,(anonymous_8)
FN:141,(anonymous_9)
FN:149,(anonymous_10)
FN:156,(anonymous_11)
FNF:12
FNH:0
FNDA:0,(anonymous_0)
FNDA:0,(anonymous_1)
FNDA:0,(anonymous_2)
FNDA:0,(anonymous_3)
FNDA:0,(anonymous_4)
FNDA:0,(anonymous_5)
FNDA:0,(anonymous_6)
FNDA:0,(anonymous_7)
FNDA:0,(anonymous_8)
FNDA:0,(anonymous_9)
FNDA:0,(anonymous_10)
FNDA:0,(anonymous_11)
DA:1,0
DA:2,0
DA:3,0
DA:7,0
DA:8,0
DA:9,0
DA:11,0
DA:15,0
DA:18,0
DA:20,0
DA:21,0
DA:26,0
DA:28,0
DA:30,0
DA:31,0
DA:38,0
DA:41,0
DA:50,0
DA:51,0
DA:52,0
DA:53,0
DA:56,0
DA:57,0
DA:64,0
DA:65,0
DA:71,0
DA:79,0
DA:81,0
DA:93,0
DA:103,0
DA:104,0
DA:105,0
DA:106,0
DA:109,0
DA:111,0
DA:117,0
DA:119,0
DA:121,0
DA:122,0
DA:124,0
DA:125,0
DA:129,0
DA:130,0
DA:133,0
DA:134,0
DA:138,0
DA:142,0
DA:147,0
DA:149,0
DA:150,0
DA:151,0
DA:157,0
DA:158,0
DA:159,0
DA:161,0
DA:169,0
DA:170,0
DA:180,0
LF:58
LH:0
BRDA:6,0,0,0
BRDA:9,1,0,0
BRDA:9,1,1,0
BRDA:9,1,2,0
BRDA:20,2,0,0
BRDA:20,2,1,0
BRDA:25,3,0,0
BRDA:30,4,0,0
BRDA:30,4,1,0
BRDA:51,5,0,0
BRDA:51,5,1,0
BRDA:56,6,0,0
BRDA:56,6,1,0
BRDA:104,7,0,0
BRDA:104,7,1,0
BRDA:119,8,0,0
BRDA:119,8,1,0
BRDA:124,9,0,0
BRDA:124,9,1,0
BRDA:129,10,0,0
BRDA:129,10,1,0
BRDA:133,11,0,0
BRDA:133,11,1,0
BRDA:150,12,0,0
BRDA:150,12,1,0
BRDA:156,13,0,0
BRF:26
BRH:0
end_of_record
TN:
SF:routes/StripeDataevProvider.js
FN:5,(anonymous_0)
FN:14,(anonymous_1)
FN:18,(anonymous_2)
FN:26,(anonymous_3)
FN:38,(anonymous_4)
FN:75,(anonymous_5)
FN:76,(anonymous_6)
FN:95,(anonymous_7)
FN:105,(anonymous_8)
FN:134,(anonymous_9)
FN:150,(anonymous_10)
FN:160,(anonymous_11)
FN:180,(anonymous_12)
FN:193,(anonymous_13)
FN:194,(anonymous_14)
FN:200,(anonymous_15)
FN:209,(anonymous_16)
FN:210,(anonymous_17)
FN:224,(anonymous_18)
FN:233,(anonymous_19)
FN:234,(anonymous_20)
FN:246,(anonymous_21)
FN:255,(anonymous_22)
FN:256,(anonymous_23)
FN:263,(anonymous_24)
FN:272,(anonymous_25)
FN:273,(anonymous_26)
FN:279,(anonymous_27)
FN:288,(anonymous_28)
FN:294,(anonymous_29)
FNF:30
FNH:0
FNDA:0,(anonymous_0)
FNDA:0,(anonymous_1)
FNDA:0,(anonymous_2)
FNDA:0,(anonymous_3)
FNDA:0,(anonymous_4)
FNDA:0,(anonymous_5)
FNDA:0,(anonymous_6)
FNDA:0,(anonymous_7)
FNDA:0,(anonymous_8)
FNDA:0,(anonymous_9)
FNDA:0,(anonymous_10)
FNDA:0,(anonymous_11)
FNDA:0,(anonymous_12)
FNDA:0,(anonymous_13)
FNDA:0,(anonymous_14)
FNDA:0,(anonymous_15)
FNDA:0,(anonymous_16)
FNDA:0,(anonymous_17)
FNDA:0,(anonymous_18)
FNDA:0,(anonymous_19)
FNDA:0,(anonymous_20)
FNDA:0,(anonymous_21)
FNDA:0,(anonymous_22)
FNDA:0,(anonymous_23)
FNDA:0,(anonymous_24)
FNDA:0,(anonymous_25)
FNDA:0,(anonymous_26)
FNDA:0,(anonymous_27)
FNDA:0,(anonymous_28)
FNDA:0,(anonymous_29)
DA:1,0
DA:2,0
DA:6,0
DA:7,0
DA:9,0
DA:10,0
DA:15,0
DA:19,0
DA:27,0
DA:34,0
DA:35,0
DA:39,0
DA:40,0
DA:43,0
DA:45,0
DA:59,0
DA:60,0
DA:69,0
DA:70,0
DA:71,0
DA:76,0
DA:77,0
DA:84,0
DA:95,0
DA:96,0
DA:97,0
DA:98,0
DA:100,0
DA:106,0
DA:108,0
DA:110,0
DA:112,0
DA:113,0
DA:116,0
DA:117,0
DA:120,0
DA:121,0
DA:126,0
DA:129,0
DA:130,0
DA:135,0
DA:137,0
DA:140,0
DA:141,0
DA:142,0
DA:145,0
DA:146,0
DA:151,0
DA:152,0
DA:156,0
DA:161,0
DA:163,0
DA:167,0
DA:170,0
DA:171,0
DA:174,0
DA:175,0
DA:176,0
DA:182,0
DA:190,0
DA:194,0
DA:195,0
DA:200,0
DA:201,0
DA:202,0
DA:204,0
DA:210,0
DA:211,0
DA:217,0
DA:224,0
DA:225,0
DA:226,0
DA:228,0
DA:234,0
DA:235,0
DA:240,0
DA:246,0
DA:247,0
DA:248,0
DA:250,0
DA:256,0
DA:257,0
DA:263,0
DA:264,0
DA:265,0
DA:267,0
DA:273,0
DA:274,0
DA:279,0
DA:280,0
DA:281,0
DA:283,0
DA:289,0
DA:294,0
DA:295,0
DA:296,0
DA:302,0
LF:97
LH:0
BRDA:9,0,0,0
BRDA:9,0,1,0
BRDA:20,1,0,0
BRDA:20,1,1,0
BRDA:20,1,2,0
BRDA:28,2,0,0
BRDA:28,2,1,0
BRDA:38,3,0,0
BRDA:39,4,0,0
BRDA:39,4,1,0
BRDA:55,5,0,0
BRDA:55,5,1,0
BRDA:90,6,0,0
BRDA:90,6,1,0
BRDA:96,7,0,0
BRDA:96,7,1,0
BRDA:110,8,0,0
BRDA:110,8,1,0
BRDA:110,8,2,0
BRDA:110,8,3,0
BRDA:141,9,0,0
BRDA:141,9,1,0
BRDA:201,10,0,0
BRDA:201,10,1,0
BRDA:209,11,0,0
BRDA:209,12,0,0
BRDA:219,13,0,0
BRDA:219,13,1,0
BRDA:225,14,0,0
BRDA:225,14,1,0
BRDA:247,15,0,0
BRDA:247,15,1,0
BRDA:247,16,0,0
BRDA:247,16,1,0
BRDA:264,17,0,0
BRDA:264,17,1,0
BRDA:280,18,0,0
BRDA:280,18,1,0
BRDA:283,19,0,0
BRDA:283,19,1,0
BRDA:295,20,0,0
BRDA:295,20,1,0
BRF:42
BRH:0
end_of_record
TN:
SF:routes/admin.js
FN:15,(anonymous_0)
FN:55,calculateDojoStorageUsage
FN:93,(anonymous_2)
FN:135,(anonymous_3)
FN:161,(anonymous_4)
FN:199,(anonymous_5)
FN:268,(anonymous_6)
FN:309,(anonymous_7)
FN:310,(anonymous_8)
FN:334,(anonymous_9)
FN:383,(anonymous_10)
FN:495,(anonymous_11)
FN:569,(anonymous_12)
FN:626,(anonymous_13)
FN:755,(anonymous_14)
FN:810,(anonymous_15)
FN:900,(anonymous_16)
FN:904,(anonymous_17)
FN:910,(anonymous_18)
FN:914,(anonymous_19)
FN:918,(anonymous_20)
FN:924,(anonymous_21)
FN:925,(anonymous_22)
FN:950,(anonymous_23)
FN:1019,(anonymous_24)
FN:1107,(anonymous_25)
FN:1114,(anonymous_26)
FN:1124,(anonymous_27)
FN:1131,(anonymous_28)
FN:1149,(anonymous_29)
FN:1173,(anonymous_30)
FN:1330,(anonymous_31)
FN:1338,(anonymous_32)
FN:1346,(anonymous_33)
FN:1350,(anonymous_34)
FN:1356,(anonymous_35)
FN:1363,(anonymous_36)
FN:1373,(anonymous_37)
FN:1406,(anonymous_38)
FN:1436,(anonymous_39)
FN:1447,(anonymous_40)
FN:1448,(anonymous_41)
FN:1451,(anonymous_42)
FN:1498,(anonymous_43)
FN:1534,(anonymous_44)
FN:1558,(anonymous_45)
FNF:46
FNH:0
FNDA:0,(anonymous_0)
FNDA:0,calculateDojoStorageUsage
FNDA:0,(anonymous_2)
FNDA:0,(anonymous_3)
FNDA:0,(anonymous_4)
FNDA:0,(anonymous_5)
FNDA:0,(anonymous_6)
FNDA:0,(anonymous_7)
FNDA:0,(anonymous_8)
FNDA:0,(anonymous_9)
FNDA:0,(anonymous_10)
FNDA:0,(anonymous_11)
FNDA:0,(anonymous_12)
FNDA:0,(anonymous_13)
FNDA:0,(anonymous_14)
FNDA:0,(anonymous_15)
FNDA:0,(anonymous_16)
FNDA:0,(anonymous_17)
FNDA:0,(anonymous_18)
FNDA:0,(anonymous_19)
FNDA:0,(anonymous_20)
FNDA:0,(anonymous_21)
FNDA:0,(anonymous_22)
FNDA:0,(anonymous_23)
FNDA:0,(anonymous_24)
FNDA:0,(anonymous_25)
FNDA:0,(anonymous_26)
FNDA:0,(anonymous_27)
FNDA:0,(anonymous_28)
FNDA:0,(anonymous_29)
FNDA:0,(anonymous_30)
FNDA:0,(anonymous_31)
FNDA:0,(anonymous_32)
FNDA:0,(anonymous_33)
FNDA:0,(anonymous_34)
FNDA:0,(anonymous_35)
FNDA:0,(anonymous_36)
FNDA:0,(anonymous_37)
FNDA:0,(anonymous_38)
FNDA:0,(anonymous_39)
FNDA:0,(anonymous_40)
FNDA:0,(anonymous_41)
FNDA:0,(anonymous_42)
FNDA:0,(anonymous_43)
FNDA:0,(anonymous_44)
FNDA:0,(anonymous_45)
DA:6,0
DA:7,0
DA:8,0
DA:9,0
DA:10,0
DA:15,0
DA:16,0
DA:18,0
DA:19,0
DA:26,0
DA:27,0
DA:28,0
DA:30,0
DA:31,0
DA:36,0
DA:38,0
DA:43,0
DA:56,0
DA:57,0
DA:60,0
DA:65,0
DA:68,0
DA:69,0
DA:70,0
DA:71,0
DA:72,0
DA:75,0
DA:80,0
DA:81,0
DA:83,0
DA:84,0
DA:93,0
DA:94,0
DA:95,0
DA:131,0
DA:134,0
DA:136,0
DA:137,0
DA:145,0
DA:146,0
DA:152,0
DA:153,0
DA:161,0
DA:162,0
DA:163,0
DA:165,0
DA:179,0
DA:181,0
DA:182,0
DA:185,0
DA:190,0
DA:191,0
DA:199,0
DA:200,0
DA:212,0
DA:215,0
DA:216,0
DA:223,0
DA:228,0
DA:229,0
DA:236,0
DA:244,0
DA:249,0
DA:251,0
DA:259,0
DA:260,0
DA:268,0
DA:269,0
DA:270,0
DA:271,0
DA:274,0
DA:275,0
DA:276,0
DA:279,0
DA:284,0
DA:285,0
DA:289,0
DA:290,0
DA:295,0
DA:296,0
DA:304,0
DA:305,0
DA:306,0
DA:309,0
DA:310,0
DA:311,0
DA:313,0
DA:315,0
DA:317,0
DA:319,0
DA:325,0
DA:326,0
DA:334,0
DA:335,0
DA:336,0
DA:339,0
DA:344,0
DA:345,0
DA:349,0
DA:350,0
DA:356,0
DA:361,0
DA:363,0
DA:370,0
DA:371,0
DA:383,0
DA:384,0
DA:385,0
DA:388,0
DA:395,0
DA:398,0
DA:405,0
DA:408,0
DA:414,0
DA:417,0
DA:423,0
DA:426,0
DA:432,0
DA:435,0
DA:442,0
DA:445,0
DA:462,0
DA:465,0
DA:466,0
DA:468,0
DA:469,0
DA:470,0
DA:473,0
DA:479,0
DA:480,0
DA:486,0
DA:487,0
DA:495,0
DA:496,0
DA:497,0
DA:498,0
DA:501,0
DA:508,0
DA:511,0
DA:516,0
DA:519,0
DA:524,0
DA:527,0
DA:535,0
DA:538,0
DA:545,0
DA:547,0
DA:548,0
DA:556,0
DA:557,0
DA:569,0
DA:570,0
DA:571,0
DA:572,0
DA:574,0
DA:575,0
DA:582,0
DA:587,0
DA:588,0
DA:591,0
DA:594,0
DA:595,0
DA:597,0
DA:605,0
DA:607,0
DA:617,0
DA:618,0
DA:626,0
DA:627,0
DA:628,0
DA:629,0
DA:632,0
DA:633,0
DA:635,0
DA:636,0
DA:643,0
DA:644,0
DA:649,0
DA:650,0
DA:653,0
DA:655,0
DA:667,0
DA:669,0
DA:680,0
DA:681,0
DA:687,0
DA:688,0
DA:689,0
DA:696,0
DA:701,0
DA:702,0
DA:705,0
DA:708,0
DA:709,0
DA:710,0
DA:713,0
DA:726,0
DA:730,0
DA:732,0
DA:746,0
DA:747,0
DA:755,0
DA:756,0
DA:757,0
DA:758,0
DA:760,0
DA:762,0
DA:763,0
DA:770,0
DA:775,0
DA:776,0
DA:779,0
DA:782,0
DA:787,0
DA:789,0
DA:799,0
DA:800,0
DA:810,0
DA:811,0
DA:812,0
DA:815,0
DA:826,0
DA:840,0
DA:849,0
DA:850,0
DA:861,0
DA:874,0
DA:883,0
DA:892,0
DA:893,0
DA:897,0
DA:900,0
DA:904,0
DA:910,0
DA:914,0
DA:918,0
DA:924,0
DA:925,0
DA:936,0
DA:939,0
DA:940,0
DA:950,0
DA:951,0
DA:952,0
DA:954,0
DA:957,0
DA:971,0
DA:985,0
DA:1000,0
DA:1018,0
DA:1019,0
DA:1020,0
DA:1021,0
DA:1022,0
DA:1024,0
DA:1027,0
DA:1047,0
DA:1057,0
DA:1058,0
DA:1063,0
DA:1072,0
DA:1077,0
DA:1095,0
DA:1107,0
DA:1114,0
DA:1124,0
DA:1131,0
DA:1149,0
DA:1158,0
DA:1161,0
DA:1162,0
DA:1173,0
DA:1174,0
DA:1175,0
DA:1177,0
DA:1179,0
DA:1200,0
DA:1214,0
DA:1221,0
DA:1229,0
DA:1244,0
DA:1260,0
DA:1270,0
DA:1285,0
DA:1297,0
DA:1311,0
DA:1324,0
DA:1329,0
DA:1330,0
DA:1338,0
DA:1346,0
DA:1350,0
DA:1357,0
DA:1361,0
DA:1363,0
DA:1373,0
DA:1382,0
DA:1388,0
DA:1393,0
DA:1394,0
DA:1406,0
DA:1407,0
DA:1409,0
DA:1410,0
DA:1417,0
DA:1418,0
DA:1436,0
DA:1446,0
DA:1447,0
DA:1448,0
DA:1451,0
DA:1452,0
DA:1453,0
DA:1455,0
DA:1458,0
DA:1462,0
DA:1479,0
DA:1480,0
DA:1481,0
DA:1498,0
DA:1503,0
DA:1507,0
DA:1513,0
DA:1514,0
DA:1523,0
DA:1524,0
DA:1525,0
DA:1526,0
DA:1529,0
DA:1533,0
DA:1534,0
DA:1535,0
DA:1536,0
DA:1537,0
DA:1539,0
DA:1543,0
DA:1544,0
DA:1545,0
DA:1558,0
DA:1563,0
DA:1567,0
DA:1577,0
DA:1583,0
DA:1588,0
DA:1589,0
DA:1597,0
LF:346
LH:0
BRDA:18,0,0,0
BRDA:18,0,1,0
BRDA:26,1,0,0
BRDA:26,1,1,0
BRDA:27,2,0,0
BRDA:27,2,1,0
BRDA:27,2,2,0
BRDA:28,3,0,0
BRDA:28,3,1,0
BRDA:28,3,2,0
BRDA:30,4,0,0
BRDA:30,4,1,0
BRDA:30,5,0,0
BRDA:30,5,1,0
BRDA:30,5,2,0
BRDA:33,6,0,0
BRDA:33,6,1,0
BRDA:40,7,0,0
BRDA:40,7,1,0
BRDA:181,8,0,0
BRDA:181,8,1,0
BRDA:211,9,0,0
BRDA:215,10,0,0
BRDA:215,10,1,0
BRDA:215,11,0,0
BRDA:215,11,1,0
BRDA:215,11,2,0
BRDA:228,12,0,0
BRDA:228,12,1,0
BRDA:284,13,0,0
BRDA:284,13,1,0
BRDA:289,14,0,0
BRDA:289,14,1,0
BRDA:295,15,0,0
BRDA:295,15,1,0
BRDA:305,16,0,0
BRDA:305,16,1,0
BRDA:344,17,0,0
BRDA:344,17,1,0
BRDA:349,18,0,0
BRDA:349,18,1,0
BRDA:574,19,0,0
BRDA:574,19,1,0
BRDA:574,20,0,0
BRDA:574,20,1,0
BRDA:574,20,2,0
BRDA:587,21,0,0
BRDA:587,21,1,0
BRDA:594,22,0,0
BRDA:594,22,1,0
BRDA:635,23,0,0
BRDA:635,23,1,0
BRDA:635,24,0,0
BRDA:635,24,1,0
BRDA:643,25,0,0
BRDA:643,25,1,0
BRDA:643,26,0,0
BRDA:643,26,1,0
BRDA:649,27,0,0
BRDA:649,27,1,0
BRDA:680,28,0,0
BRDA:680,28,1,0
BRDA:680,29,0,0
BRDA:680,29,1,0
BRDA:687,30,0,0
BRDA:687,30,1,0
BRDA:688,31,0,0
BRDA:688,31,1,0
BRDA:688,32,0,0
BRDA:688,32,1,0
BRDA:701,33,0,0
BRDA:701,33,1,0
BRDA:726,34,0,0
BRDA:726,34,1,0
BRDA:727,35,0,0
BRDA:727,35,1,0
BRDA:742,36,0,0
BRDA:742,36,1,0
BRDA:762,37,0,0
BRDA:762,37,1,0
BRDA:762,38,0,0
BRDA:762,38,1,0
BRDA:775,39,0,0
BRDA:775,39,1,0
BRDA:893,40,0,0
BRDA:893,40,1,0
BRDA:906,41,0,0
BRDA:906,41,1,0
BRDA:907,42,0,0
BRDA:907,42,1,0
BRDA:916,43,0,0
BRDA:916,43,1,0
BRDA:921,44,0,0
BRDA:921,44,1,0
BRDA:924,45,0,0
BRDA:924,45,1,0
BRDA:925,46,0,0
BRDA:925,46,1,0
BRDA:1058,47,0,0
BRDA:1058,47,1,0
BRDA:1072,48,0,0
BRDA:1072,48,1,0
BRDA:1099,49,0,0
BRDA:1099,49,1,0
BRDA:1100,50,0,0
BRDA:1100,50,1,0
BRDA:1101,51,0,0
BRDA:1101,51,1,0
BRDA:1102,52,0,0
BRDA:1102,52,1,0
BRDA:1103,53,0,0
BRDA:1103,53,1,0
BRDA:1104,54,0,0
BRDA:1104,54,1,0
BRDA:1105,55,0,0
BRDA:1105,55,1,0
BRDA:1109,56,0,0
BRDA:1109,56,1,0
BRDA:1110,57,0,0
BRDA:1110,57,1,0
BRDA:1111,58,0,0
BRDA:1111,58,1,0
BRDA:1112,59,0,0
BRDA:1112,59,1,0
BRDA:1116,60,0,0
BRDA:1116,60,1,0
BRDA:1117,61,0,0
BRDA:1117,61,1,0
BRDA:1118,62,0,0
BRDA:1118,62,1,0
BRDA:1119,63,0,0
BRDA:1119,63,1,0
BRDA:1138,64,0,0
BRDA:1138,64,1,0
BRDA:1138,65,0,0
BRDA:1138,65,1,0
BRDA:1139,66,0,0
BRDA:1139,66,1,0
BRDA:1324,67,0,0
BRDA:1324,67,1,0
BRDA:1335,68,0,0
BRDA:1335,68,1,0
BRDA:1341,69,0,0
BRDA:1341,69,1,0
BRDA:1369,70,0,0
BRDA:1369,70,1,0
BRDA:1370,71,0,0
BRDA:1370,71,1,0
BRDA:1371,72,0,0
BRDA:1371,72,1,0
BRDA:1452,73,0,0
BRDA:1452,73,1,0
BRDA:1523,74,0,0
BRDA:1523,74,1,0
BRDA:1535,75,0,0
BRDA:1535,75,1,0
BRDA:1536,76,0,0
BRDA:1536,76,1,0
BRF:158
BRH:0
end_of_record
TN:
SF:routes/admins.js
FN:12,(anonymous_0)
FN:84,(anonymous_1)
FN:107,(anonymous_2)
FN:114,(anonymous_3)
FN:136,(anonymous_4)
FN:160,(anonymous_5)
FN:187,(anonymous_6)
FN:222,(anonymous_7)
FN:267,(anonymous_8)
FN:284,(anonymous_9)
FN:313,(anonymous_10)
FN:332,(anonymous_11)
FN:399,(anonymous_12)
FN:417,(anonymous_13)
FN:443,(anonymous_14)
FN:450,(anonymous_15)
FN:465,(anonymous_16)
FN:480,performDelete
FN:483,(anonymous_18)
FN:502,(anonymous_19)
FN:516,(anonymous_20)
FN:538,(anonymous_21)
FN:558,(anonymous_22)
FN:576,(anonymous_23)
FNF:24
FNH:0
FNDA:0,(anonymous_0)
FNDA:0,(anonymous_1)
FNDA:0,(anonymous_2)
FNDA:0,(anonymous_3)
FNDA:0,(anonymous_4)
FNDA:0,(anonymous_5)
FNDA:0,(anonymous_6)
FNDA:0,(anonymous_7)
FNDA:0,(anonymous_8)
FNDA:0,(anonymous_9)
FNDA:0,(anonymous_10)
FNDA:0,(anonymous_11)
FNDA:0,(anonymous_12)
FNDA:0,(anonymous_13)
FNDA:0,(anonymous_14)
FNDA:0,(anonymous_15)
FNDA:0,(anonymous_16)
FNDA:0,performDelete
FNDA:0,(anonymous_18)
FNDA:0,(anonymous_19)
FNDA:0,(anonymous_20)
FNDA:0,(anonymous_21)
FNDA:0,(anonymous_22)
FNDA:0,(anonymous_23)
DA:2,0
DA:3,0
DA:4,0
DA:5,0
DA:12,0
DA:13,0
DA:15,0
DA:28,0
DA:41,0
DA:54,0
DA:67,0
DA:84,0
DA:85,0
DA:87,0
DA:107,0
DA:108,0
DA:109,0
DA:110,0
DA:114,0
DA:115,0
DA:116,0
DA:123,0
DA:124,0
DA:128,0
DA:129,0
DA:136,0
DA:137,0
DA:138,0
DA:140,0
DA:160,0
DA:161,0
DA:162,0
DA:163,0
DA:166,0
DA:167,0
DA:170,0
DA:171,0
DA:172,0
DA:176,0
DA:179,0
DA:180,0
DA:187,0
DA:188,0
DA:199,0
DA:202,0
DA:203,0
DA:209,0
DA:210,0
DA:215,0
DA:217,0
DA:222,0
DA:223,0
DA:224,0
DA:225,0
DA:228,0
DA:229,0
DA:235,0
DA:236,0
DA:239,0
DA:241,0
DA:255,0
DA:267,0
DA:268,0
DA:269,0
DA:270,0
DA:273,0
DA:276,0
DA:284,0
DA:285,0
DA:286,0
DA:292,0
DA:293,0
DA:294,0
DA:299,0
DA:305,0
DA:306,0
DA:313,0
DA:314,0
DA:315,0
DA:326,0
DA:328,0
DA:330,0
DA:332,0
DA:333,0
DA:334,0
DA:337,0
DA:338,0
DA:342,0
DA:343,0
DA:345,0
DA:346,0
DA:347,0
DA:350,0
DA:351,0
DA:352,0
DA:355,0
DA:356,0
DA:357,0
DA:358,0
DA:361,0
DA:362,0
DA:363,0
DA:366,0
DA:367,0
DA:368,0
DA:371,0
DA:372,0
DA:373,0
DA:376,0
DA:377,0
DA:378,0
DA:382,0
DA:383,0
DA:384,0
DA:387,0
DA:388,0
DA:389,0
DA:392,0
DA:393,0
DA:396,0
DA:397,0
DA:399,0
DA:400,0
DA:401,0
DA:402,0
DA:405,0
DA:408,0
DA:417,0
DA:418,0
DA:419,0
DA:422,0
DA:423,0
DA:424,0
DA:429,0
DA:435,0
DA:436,0
DA:443,0
DA:444,0
DA:445,0
DA:448,0
DA:450,0
DA:451,0
DA:452,0
DA:455,0
DA:456,0
DA:459,0
DA:462,0
DA:463,0
DA:465,0
DA:466,0
DA:467,0
DA:473,0
DA:477,0
DA:481,0
DA:483,0
DA:484,0
DA:485,0
DA:486,0
DA:489,0
DA:490,0
DA:502,0
DA:503,0
DA:504,0
DA:506,0
DA:508,0
DA:509,0
DA:512,0
DA:514,0
DA:516,0
DA:517,0
DA:518,0
DA:521,0
DA:522,0
DA:526,0
DA:527,0
DA:528,0
DA:529,0
DA:534,0
DA:536,0
DA:538,0
DA:539,0
DA:540,0
DA:541,0
DA:544,0
DA:545,0
DA:550,0
DA:551,0
DA:558,0
DA:559,0
DA:561,0
DA:562,0
DA:564,0
DA:576,0
DA:577,0
DA:578,0
DA:579,0
DA:582,0
DA:586,0
LF:198
LH:0
BRDA:13,0,0,0
BRDA:13,0,1,0
BRDA:13,0,2,0
BRDA:13,0,3,0
BRDA:13,0,4,0
BRDA:108,1,0,0
BRDA:108,1,1,0
BRDA:118,2,0,0
BRDA:118,2,1,0
BRDA:161,3,0,0
BRDA:161,3,1,0
BRDA:166,4,0,0
BRDA:166,4,1,0
BRDA:172,5,0,0
BRDA:172,5,1,0
BRDA:202,6,0,0
BRDA:202,6,1,0
BRDA:202,7,0,0
BRDA:202,7,1,0
BRDA:202,7,2,0
BRDA:209,8,0,0
BRDA:209,8,1,0
BRDA:223,9,0,0
BRDA:223,9,1,0
BRDA:228,10,0,0
BRDA:228,10,1,0
BRDA:239,11,0,0
BRDA:239,11,1,0
BRDA:239,12,0,0
BRDA:239,12,1,0
BRDA:259,13,0,0
BRDA:259,13,1,0
BRDA:260,14,0,0
BRDA:260,14,1,0
BRDA:261,15,0,0
BRDA:261,15,1,0
BRDA:263,16,0,0
BRDA:263,16,1,0
BRDA:268,17,0,0
BRDA:268,17,1,0
BRDA:285,18,0,0
BRDA:285,18,1,0
BRDA:294,19,0,0
BRDA:294,19,1,0
BRDA:333,20,0,0
BRDA:333,20,1,0
BRDA:337,21,0,0
BRDA:337,21,1,0
BRDA:345,22,0,0
BRDA:345,22,1,0
BRDA:350,23,0,0
BRDA:350,23,1,0
BRDA:355,24,0,0
BRDA:355,24,1,0
BRDA:361,25,0,0
BRDA:361,25,1,0
BRDA:366,26,0,0
BRDA:366,26,1,0
BRDA:371,27,0,0
BRDA:371,27,1,0
BRDA:376,28,0,0
BRDA:376,28,1,0
BRDA:382,29,0,0
BRDA:382,29,1,0
BRDA:387,30,0,0
BRDA:387,30,1,0
BRDA:392,31,0,0
BRDA:392,31,1,0
BRDA:400,32,0,0
BRDA:400,32,1,0
BRDA:418,33,0,0
BRDA:418,33,1,0
BRDA:424,34,0,0
BRDA:424,34,1,0
BRDA:451,35,0,0
BRDA:451,35,1,0
BRDA:455,36,0,0
BRDA:455,36,1,0
BRDA:462,37,0,0
BRDA:462,37,1,0
BRDA:466,38,0,0
BRDA:466,38,1,0
BRDA:466,39,0,0
BRDA:466,39,1,0
BRDA:484,40,0,0
BRDA:484,40,1,0
BRDA:508,41,0,0
BRDA:508,41,1,0
BRDA:517,42,0,0
BRDA:517,42,1,0
BRDA:521,43,0,0
BRDA:521,43,1,0
BRDA:526,44,0,0
BRDA:526,44,1,0
BRDA:528,45,0,0
BRDA:528,45,1,0
BRDA:539,46,0,0
BRDA:539,46,1,0
BRDA:561,47,0,0
BRDA:561,47,1,0
BRDA:562,48,0,0
BRDA:562,48,1,0
BRDA:577,49,0,0
BRDA:577,49,1,0
BRF:104
BRH:0
end_of_record
TN:
SF:routes/agb.js
FN:9,(anonymous_0)
FN:24,(anonymous_1)
FN:39,(anonymous_2)
FN:56,(anonymous_3)
FN:63,(anonymous_4)
FN:64,(anonymous_5)
FN:100,(anonymous_6)
FN:101,(anonymous_7)
FN:116,(anonymous_8)
FN:117,(anonymous_9)
FN:128,(anonymous_10)
FN:167,(anonymous_11)
FN:174,(anonymous_12)
FN:175,(anonymous_13)
FN:212,(anonymous_14)
FN:239,(anonymous_15)
FN:255,(anonymous_16)
FN:271,(anonymous_17)
FNF:18
FNH:0
FNDA:0,(anonymous_0)
FNDA:0,(anonymous_1)
FNDA:0,(anonymous_2)
FNDA:0,(anonymous_3)
FNDA:0,(anonymous_4)
FNDA:0,(anonymous_5)
FNDA:0,(anonymous_6)
FNDA:0,(anonymous_7)
FNDA:0,(anonymous_8)
FNDA:0,(anonymous_9)
FNDA:0,(anonymous_10)
FNDA:0,(anonymous_11)
FNDA:0,(anonymous_12)
FNDA:0,(anonymous_13)
FNDA:0,(anonymous_14)
FNDA:0,(anonymous_15)
FNDA:0,(anonymous_16)
FNDA:0,(anonymous_17)
DA:4,0
DA:5,0
DA:6,0
DA:9,0
DA:10,0
DA:24,0
DA:25,0
DA:27,0
DA:39,0
DA:40,0
DA:41,0
DA:42,0
DA:45,0
DA:46,0
DA:49,0
DA:56,0
DA:57,0
DA:58,0
DA:60,0
DA:62,0
DA:63,0
DA:64,0
DA:65,0
DA:66,0
DA:70,0
DA:71,0
DA:74,0
DA:75,0
DA:78,0
DA:79,0
DA:80,0
DA:81,0
DA:83,0
DA:84,0
DA:89,0
DA:90,0
DA:91,0
DA:92,0
DA:94,0
DA:95,0
DA:100,0
DA:101,0
DA:102,0
DA:103,0
DA:108,0
DA:110,0
DA:116,0
DA:117,0
DA:118,0
DA:119,0
DA:124,0
DA:125,0
DA:126,0
DA:128,0
DA:129,0
DA:167,0
DA:168,0
DA:169,0
DA:173,0
DA:174,0
DA:175,0
DA:177,0
DA:179,0
DA:189,0
DA:190,0
DA:197,0
DA:204,0
DA:205,0
DA:212,0
DA:213,0
DA:215,0
DA:239,0
DA:240,0
DA:241,0
DA:242,0
DA:245,0
DA:255,0
DA:256,0
DA:257,0
DA:259,0
DA:261,0
DA:262,0
DA:263,0
DA:266,0
DA:267,0
DA:268,0
DA:271,0
DA:272,0
DA:273,0
DA:274,0
DA:277,0
DA:284,0
LF:92
LH:0
BRDA:11,0,0,0
BRDA:11,0,1,0
BRDA:12,1,0,0
BRDA:12,1,1,0
BRDA:40,2,0,0
BRDA:40,2,1,0
BRDA:45,3,0,0
BRDA:45,3,1,0
BRDA:65,4,0,0
BRDA:65,4,1,0
BRDA:70,5,0,0
BRDA:70,5,1,0
BRDA:78,6,0,0
BRDA:78,6,1,0
BRDA:80,7,0,0
BRDA:80,7,1,0
BRDA:83,8,0,0
BRDA:83,8,1,0
BRDA:89,9,0,0
BRDA:89,9,1,0
BRDA:91,10,0,0
BRDA:91,10,1,0
BRDA:94,11,0,0
BRDA:94,11,1,0
BRDA:102,12,0,0
BRDA:102,12,1,0
BRDA:108,13,0,0
BRDA:108,13,1,0
BRDA:108,14,0,0
BRDA:108,14,1,0
BRDA:118,15,0,0
BRDA:118,15,1,0
BRDA:124,16,0,0
BRDA:124,16,1,0
BRDA:124,17,0,0
BRDA:124,17,1,0
BRDA:130,18,0,0
BRDA:130,18,1,0
BRDA:140,19,0,0
BRDA:140,19,1,0
BRDA:140,20,0,0
BRDA:140,20,1,0
BRDA:147,21,0,0
BRDA:147,21,1,0
BRDA:147,22,0,0
BRDA:147,22,1,0
BRDA:240,23,0,0
BRDA:240,23,1,0
BRDA:261,24,0,0
BRDA:261,24,1,0
BRDA:266,25,0,0
BRDA:266,25,1,0
BRDA:272,26,0,0
BRDA:272,26,1,0
BRF:54
BRH:0
end_of_record
TN:
SF:routes/anwesenheit.js
FN:7,(anonymous_0)
FN:21,(anonymous_1)
FN:37,(anonymous_2)
FN:340,(anonymous_3)
FN:361,(anonymous_4)
FN:362,(anonymous_5)
FN:363,(anonymous_6)
FN:364,(anonymous_7)
FN:388,(anonymous_8)
FN:427,(anonymous_9)
FN:446,(anonymous_10)
FN:491,(anonymous_11)
FN:507,(anonymous_12)
FN:537,(anonymous_13)
FN:556,(anonymous_14)
FN:575,(anonymous_15)
FN:587,(anonymous_16)
FN:596,(anonymous_17)
FN:608,(anonymous_18)
FN:618,(anonymous_19)
FN:626,(anonymous_20)
FN:628,(anonymous_21)
FN:649,(anonymous_22)
FN:659,(anonymous_23)
FNF:24
FNH:0
FNDA:0,(anonymous_0)
FNDA:0,(anonymous_1)
FNDA:0,(anonymous_2)
FNDA:0,(anonymous_3)
FNDA:0,(anonymous_4)
FNDA:0,(anonymous_5)
FNDA:0,(anonymous_6)
FNDA:0,(anonymous_7)
FNDA:0,(anonymous_8)
FNDA:0,(anonymous_9)
FNDA:0,(anonymous_10)
FNDA:0,(anonymous_11)
FNDA:0,(anonymous_12)
FNDA:0,(anonymous_13)
FNDA:0,(anonymous_14)
FNDA:0,(anonymous_15)
FNDA:0,(anonymous_16)
FNDA:0,(anonymous_17)
FNDA:0,(anonymous_18)
FNDA:0,(anonymous_19)
FNDA:0,(anonymous_20)
FNDA:0,(anonymous_21)
FNDA:0,(anonymous_22)
FNDA:0,(anonymous_23)
DA:1,0
DA:2,0
DA:4,0
DA:7,0
DA:9,0
DA:10,0
DA:13,0
DA:21,0
DA:22,0
DA:23,0
DA:24,0
DA:27,0
DA:29,0
DA:32,0
DA:37,0
DA:39,0
DA:40,0
DA:43,0
DA:50,0
DA:51,0
DA:52,0
DA:53,0
DA:54,0
DA:56,0
DA:57,0
DA:63,0
DA:64,0
DA:73,0
DA:75,0
DA:145,0
DA:147,0
DA:150,0
DA:229,0
DA:234,0
DA:328,0
DA:332,0
DA:333,0
DA:334,0
DA:340,0
DA:341,0
DA:342,0
DA:343,0
DA:351,0
DA:359,0
DA:361,0
DA:362,0
DA:363,0
DA:364,0
DA:367,0
DA:378,0
DA:379,0
DA:388,0
DA:390,0
DA:391,0
DA:394,0
DA:395,0
DA:396,0
DA:397,0
DA:399,0
DA:427,0
DA:428,0
DA:429,0
DA:430,0
DA:436,0
DA:446,0
DA:448,0
DA:449,0
DA:452,0
DA:453,0
DA:455,0
DA:457,0
DA:461,0
DA:481,0
DA:484,0
DA:485,0
DA:486,0
DA:489,0
DA:491,0
DA:492,0
DA:493,0
DA:494,0
DA:497,0
DA:499,0
DA:502,0
DA:507,0
DA:509,0
DA:510,0
DA:513,0
DA:515,0
DA:516,0
DA:519,0
DA:520,0
DA:522,0
DA:523,0
DA:527,0
DA:535,0
DA:537,0
DA:538,0
DA:539,0
DA:540,0
DA:544,0
DA:545,0
DA:554,0
DA:556,0
DA:557,0
DA:565,0
DA:575,0
DA:576,0
DA:578,0
DA:579,0
DA:582,0
DA:583,0
DA:587,0
DA:588,0
DA:589,0
DA:590,0
DA:593,0
DA:594,0
DA:596,0
DA:597,0
DA:598,0
DA:600,0
DA:608,0
DA:609,0
DA:611,0
DA:612,0
DA:616,0
DA:617,0
DA:618,0
DA:619,0
DA:620,0
DA:626,0
DA:627,0
DA:628,0
DA:629,0
DA:630,0
DA:634,0
DA:649,0
DA:650,0
DA:652,0
DA:654,0
DA:657,0
DA:659,0
DA:660,0
DA:661,0
DA:662,0
DA:665,0
DA:667,0
DA:670,0
DA:675,0
LF:150
LH:0
BRDA:9,0,0,0
BRDA:9,0,1,0
BRDA:22,1,0,0
BRDA:22,1,1,0
BRDA:27,2,0,0
BRDA:27,2,1,0
BRDA:27,3,0,0
BRDA:27,3,1,0
BRDA:39,4,0,0
BRDA:39,4,1,0
BRDA:56,5,0,0
BRDA:56,5,1,0
BRDA:63,6,0,0
BRDA:63,6,1,0
BRDA:63,7,0,0
BRDA:63,7,1,0
BRDA:73,8,0,0
BRDA:73,8,1,0
BRDA:147,9,0,0
BRDA:147,9,1,0
BRDA:332,10,0,0
BRDA:332,10,1,0
BRDA:332,11,0,0
BRDA:332,11,1,0
BRDA:341,12,0,0
BRDA:341,12,1,0
BRDA:360,13,0,0
BRDA:360,13,1,0
BRDA:361,14,0,0
BRDA:361,14,1,0
BRDA:362,15,0,0
BRDA:362,15,1,0
BRDA:363,16,0,0
BRDA:363,16,1,0
BRDA:364,17,0,0
BRDA:364,17,1,0
BRDA:364,18,0,0
BRDA:364,18,1,0
BRDA:374,19,0,0
BRDA:374,19,1,0
BRDA:390,20,0,0
BRDA:390,20,1,0
BRDA:428,21,0,0
BRDA:428,21,1,0
BRDA:448,22,0,0
BRDA:448,22,1,0
BRDA:455,23,0,0
BRDA:455,23,1,0
BRDA:484,24,0,0
BRDA:484,24,1,0
BRDA:492,25,0,0
BRDA:492,25,1,0
BRDA:497,26,0,0
BRDA:497,26,1,0
BRDA:497,27,0,0
BRDA:497,27,1,0
BRDA:509,28,0,0
BRDA:509,28,1,0
BRDA:515,29,0,0
BRDA:515,29,1,0
BRDA:515,30,0,0
BRDA:515,30,1,0
BRDA:520,31,0,0
BRDA:520,31,1,0
BRDA:522,32,0,0
BRDA:522,32,1,0
BRDA:535,33,0,0
BRDA:535,33,1,0
BRDA:535,34,0,0
BRDA:535,34,1,0
BRDA:535,34,2,0
BRDA:538,35,0,0
BRDA:538,35,1,0
BRDA:544,36,0,0
BRDA:544,36,1,0
BRDA:554,37,0,0
BRDA:554,37,1,0
BRDA:556,38,0,0
BRDA:556,38,1,0
BRDA:557,39,0,0
BRDA:557,39,1,0
BRDA:578,40,0,0
BRDA:578,40,1,0
BRDA:578,41,0,0
BRDA:578,41,1,0
BRDA:582,42,0,0
BRDA:582,42,1,0
BRDA:582,43,0,0
BRDA:582,43,1,0
BRDA:588,44,0,0
BRDA:588,44,1,0
BRDA:598,45,0,0
BRDA:598,45,1,0
BRDA:598,46,0,0
BRDA:598,46,1,0
BRDA:598,46,2,0
BRDA:611,47,0,0
BRDA:611,47,1,0
BRDA:616,48,0,0
BRDA:616,48,1,0
BRDA:617,49,0,0
BRDA:617,49,1,0
BRDA:627,50,0,0
BRDA:627,50,1,0
BRDA:652,51,0,0
BRDA:652,51,1,0
BRDA:660,52,0,0
BRDA:660,52,1,0
BRDA:665,53,0,0
BRDA:665,53,1,0
BRF:110
BRH:0
end_of_record
TN:
SF:routes/anwesenheitProtokoll.js
FN:7,(anonymous_0)
FN:15,(anonymous_1)
FN:37,(anonymous_2)
FN:46,(anonymous_3)
FN:65,(anonymous_4)
FN:115,(anonymous_5)
FN:134,(anonymous_6)
FN:170,(anonymous_7)
FN:232,(anonymous_8)
FN:312,(anonymous_9)
FN:324,(anonymous_10)
FN:325,(anonymous_11)
FN:326,(anonymous_12)
FN:327,(anonymous_13)
FN:328,(anonymous_14)
FN:329,(anonymous_15)
FN:342,(anonymous_16)
FN:370,(anonymous_17)
FN:381,(anonymous_18)
FN:382,(anonymous_19)
FN:383,(anonymous_20)
FN:384,(anonymous_21)
FN:385,(anonymous_22)
FN:403,(anonymous_23)
FN:450,(anonymous_24)
FN:467,(anonymous_25)
FN:495,(anonymous_26)
FN:496,(anonymous_27)
FN:497,(anonymous_28)
FN:498,(anonymous_29)
FNF:30
FNH:0
FNDA:0,(anonymous_0)
FNDA:0,(anonymous_1)
FNDA:0,(anonymous_2)
FNDA:0,(anonymous_3)
FNDA:0,(anonymous_4)
FNDA:0,(anonymous_5)
FNDA:0,(anonymous_6)
FNDA:0,(anonymous_7)
FNDA:0,(anonymous_8)
FNDA:0,(anonymous_9)
FNDA:0,(anonymous_10)
FNDA:0,(anonymous_11)
FNDA:0,(anonymous_12)
FNDA:0,(anonymous_13)
FNDA:0,(anonymous_14)
FNDA:0,(anonymous_15)
FNDA:0,(anonymous_16)
FNDA:0,(anonymous_17)
FNDA:0,(anonymous_18)
FNDA:0,(anonymous_19)
FNDA:0,(anonymous_20)
FNDA:0,(anonymous_21)
FNDA:0,(anonymous_22)
FNDA:0,(anonymous_23)
FNDA:0,(anonymous_24)
FNDA:0,(anonymous_25)
FNDA:0,(anonymous_26)
FNDA:0,(anonymous_27)
FNDA:0,(anonymous_28)
FNDA:0,(anonymous_29)
DA:2,0
DA:3,0
DA:4,0
DA:7,0
DA:8,0
DA:10,0
DA:11,0
DA:15,0
DA:16,0
DA:19,0
DA:20,0
DA:27,0
DA:37,0
DA:46,0
DA:47,0
DA:48,0
DA:49,0
DA:55,0
DA:65,0
DA:66,0
DA:69,0
DA:90,0
DA:93,0
DA:94,0
DA:95,0
DA:98,0
DA:99,0
DA:100,0
DA:103,0
DA:104,0
DA:105,0
DA:108,0
DA:109,0
DA:110,0
DA:113,0
DA:115,0
DA:116,0
DA:117,0
DA:118,0
DA:124,0
DA:134,0
DA:135,0
DA:136,0
DA:138,0
DA:139,0
DA:142,0
DA:170,0
DA:171,0
DA:172,0
DA:173,0
DA:179,0
DA:180,0
DA:197,0
DA:200,0
DA:205,0
DA:207,0
DA:232,0
DA:233,0
DA:235,0
DA:236,0
DA:239,0
DA:240,0
DA:241,0
DA:244,0
DA:245,0
DA:246,0
DA:249,0
DA:250,0
DA:251,0
DA:254,0
DA:255,0
DA:256,0
DA:259,0
DA:260,0
DA:261,0
DA:262,0
DA:263,0
DA:264,0
DA:265,0
DA:266,0
DA:267,0
DA:270,0
DA:272,0
DA:310,0
DA:312,0
DA:313,0
DA:314,0
DA:315,0
DA:322,0
DA:324,0
DA:325,0
DA:326,0
DA:327,0
DA:328,0
DA:329,0
DA:332,0
DA:342,0
DA:343,0
DA:344,0
DA:346,0
DA:347,0
DA:350,0
DA:370,0
DA:371,0
DA:372,0
DA:373,0
DA:380,0
DA:381,0
DA:382,0
DA:383,0
DA:384,0
DA:385,0
DA:388,0
DA:392,0
DA:403,0
DA:404,0
DA:405,0
DA:407,0
DA:408,0
DA:411,0
DA:448,0
DA:450,0
DA:451,0
DA:452,0
DA:453,0
DA:459,0
DA:460,0
DA:464,0
DA:465,0
DA:467,0
DA:468,0
DA:469,0
DA:477,0
DA:478,0
DA:494,0
DA:495,0
DA:496,0
DA:497,0
DA:498,0
DA:501,0
DA:505,0
DA:511,0
DA:517,0
DA:521,0
DA:538,0
LF:145
LH:0
BRDA:10,0,0,0
BRDA:10,0,1,0
BRDA:10,1,0,0
BRDA:10,1,1,0
BRDA:16,2,0,0
BRDA:16,2,1,0
BRDA:16,2,2,0
BRDA:19,3,0,0
BRDA:19,3,1,0
BRDA:41,4,0,0
BRDA:41,4,1,0
BRDA:42,5,0,0
BRDA:42,5,1,0
BRDA:47,6,0,0
BRDA:47,6,1,0
BRDA:93,7,0,0
BRDA:93,7,1,0
BRDA:98,8,0,0
BRDA:98,8,1,0
BRDA:103,9,0,0
BRDA:103,9,1,0
BRDA:108,10,0,0
BRDA:108,10,1,0
BRDA:116,11,0,0
BRDA:116,11,1,0
BRDA:138,12,0,0
BRDA:138,12,1,0
BRDA:171,13,0,0
BRDA:171,13,1,0
BRDA:179,14,0,0
BRDA:179,14,1,0
BRDA:200,15,0,0
BRDA:200,15,1,0
BRDA:233,16,0,0
BRDA:239,17,0,0
BRDA:239,17,1,0
BRDA:244,18,0,0
BRDA:244,18,1,0
BRDA:249,19,0,0
BRDA:249,19,1,0
BRDA:254,20,0,0
BRDA:254,20,1,0
BRDA:259,21,0,0
BRDA:259,21,1,0
BRDA:259,22,0,0
BRDA:259,22,1,0
BRDA:262,23,0,0
BRDA:262,23,1,0
BRDA:265,24,0,0
BRDA:265,24,1,0
BRDA:270,25,0,0
BRDA:270,25,1,0
BRDA:313,26,0,0
BRDA:313,26,1,0
BRDA:344,27,0,0
BRDA:346,28,0,0
BRDA:346,28,1,0
BRDA:371,29,0,0
BRDA:371,29,1,0
BRDA:388,30,0,0
BRDA:388,30,1,0
BRDA:405,31,0,0
BRDA:405,32,0,0
BRDA:405,33,0,0
BRDA:407,34,0,0
BRDA:407,34,1,0
BRDA:451,35,0,0
BRDA:451,35,1,0
BRDA:459,36,0,0
BRDA:459,36,1,0
BRDA:468,37,0,0
BRDA:468,37,1,0
BRDA:477,38,0,0
BRDA:477,38,1,0
BRDA:495,39,0,0
BRDA:495,39,1,0
BRDA:496,40,0,0
BRDA:496,40,1,0
BRDA:497,41,0,0
BRDA:497,41,1,0
BRDA:498,42,0,0
BRDA:498,42,1,0
BRDA:501,43,0,0
BRDA:501,43,1,0
BRDA:514,44,0,0
BRDA:514,44,1,0
BRDA:517,45,0,0
BRDA:517,45,1,0
BRDA:517,45,2,0
BRDA:526,46,0,0
BRDA:526,46,1,0
BRDA:527,47,0,0
BRDA:527,47,1,0
BRDA:528,48,0,0
BRDA:528,48,1,0
BRF:95
BRH:0
end_of_record
TN:
SF:routes/artikel.js
FN:72,(anonymous_0)
FN:84,(anonymous_1)
FN:90,(anonymous_2)
FN:92,(anonymous_3)
FN:104,(anonymous_4)
FN:126,(anonymous_5)
FN:136,(anonymous_6)
FN:154,(anonymous_7)
FN:175,(anonymous_8)
FN:222,(anonymous_9)
FN:234,(anonymous_10)
FN:265,(anonymous_11)
FN:282,(anonymous_12)
FN:314,(anonymous_13)
FN:330,(anonymous_14)
FN:346,(anonymous_15)
FN:413,(anonymous_16)
FN:432,(anonymous_17)
FN:443,(anonymous_18)
FN:462,(anonymous_19)
FN:492,(anonymous_20)
FN:552,(anonymous_21)
FN:575,(anonymous_22)
FN:587,(anonymous_23)
FN:595,(anonymous_24)
FN:613,(anonymous_25)
FN:627,(anonymous_26)
FN:655,(anonymous_27)
FN:670,(anonymous_28)
FN:678,(anonymous_29)
FN:694,(anonymous_30)
FN:718,(anonymous_31)
FN:732,(anonymous_32)
FN:748,(anonymous_33)
FN:749,(anonymous_34)
FN:751,(anonymous_35)
FN:763,(anonymous_36)
FN:765,(anonymous_37)
FNF:38
FNH:0
FNDA:0,(anonymous_0)
FNDA:0,(anonymous_1)
FNDA:0,(anonymous_2)
FNDA:0,(anonymous_3)
FNDA:0,(anonymous_4)
FNDA:0,(anonymous_5)
FNDA:0,(anonymous_6)
FNDA:0,(anonymous_7)
FNDA:0,(anonymous_8)
FNDA:0,(anonymous_9)
FNDA:0,(anonymous_10)
FNDA:0,(anonymous_11)
FNDA:0,(anonymous_12)
FNDA:0,(anonymous_13)
FNDA:0,(anonymous_14)
FNDA:0,(anonymous_15)
FNDA:0,(anonymous_16)
FNDA:0,(anonymous_17)
FNDA:0,(anonymous_18)
FNDA:0,(anonymous_19)
FNDA:0,(anonymous_20)
FNDA:0,(anonymous_21)
FNDA:0,(anonymous_22)
FNDA:0,(anonymous_23)
FNDA:0,(anonymous_24)
FNDA:0,(anonymous_25)
FNDA:0,(anonymous_26)
FNDA:0,(anonymous_27)
FNDA:0,(anonymous_28)
FNDA:0,(anonymous_29)
FNDA:0,(anonymous_30)
FNDA:0,(anonymous_31)
FNDA:0,(anonymous_32)
FNDA:0,(anonymous_33)
FNDA:0,(anonymous_34)
FNDA:0,(anonymous_35)
FNDA:0,(anonymous_36)
FNDA:0,(anonymous_37)
DA:8,0
DA:9,0
DA:10,0
DA:11,0
DA:12,0
DA:21,0
DA:22,0
DA:27,0
DA:32,0
DA:39,0
DA:72,0
DA:84,0
DA:85,0
DA:90,0
DA:91,0
DA:93,0
DA:94,0
DA:104,0
DA:106,0
DA:107,0
DA:111,0
DA:126,0
DA:127,0
DA:128,0
DA:129,0
DA:131,0
DA:136,0
DA:138,0
DA:139,0
DA:142,0
DA:144,0
DA:145,0
DA:148,0
DA:153,0
DA:155,0
DA:156,0
DA:157,0
DA:158,0
DA:160,0
DA:162,0
DA:175,0
DA:177,0
DA:178,0
DA:181,0
DA:184,0
DA:203,0
DA:205,0
DA:206,0
DA:207,0
DA:210,0
DA:211,0
DA:212,0
DA:215,0
DA:216,0
DA:217,0
DA:220,0
DA:222,0
DA:223,0
DA:224,0
DA:225,0
DA:228,0
DA:229,0
DA:234,0
DA:236,0
DA:237,0
DA:240,0
DA:265,0
DA:266,0
DA:267,0
DA:268,0
DA:274,0
DA:281,0
DA:282,0
DA:283,0
DA:284,0
DA:285,0
DA:294,0
DA:308,0
DA:309,0
DA:314,0
DA:316,0
DA:317,0
DA:320,0
DA:330,0
DA:331,0
DA:332,0
DA:333,0
DA:336,0
DA:337,0
DA:340,0
DA:341,0
DA:346,0
DA:348,0
DA:349,0
DA:361,0
DA:364,0
DA:365,0
DA:371,0
DA:372,0
DA:373,0
DA:374,0
DA:377,0
DA:378,0
DA:379,0
DA:380,0
DA:381,0
DA:382,0
DA:383,0
DA:384,0
DA:387,0
DA:388,0
DA:390,0
DA:402,0
DA:413,0
DA:414,0
DA:415,0
DA:416,0
DA:417,0
DA:419,0
DA:423,0
DA:424,0
DA:432,0
DA:434,0
DA:443,0
DA:445,0
DA:446,0
DA:449,0
DA:459,0
DA:462,0
DA:463,0
DA:464,0
DA:465,0
DA:468,0
DA:469,0
DA:472,0
DA:475,0
DA:476,0
DA:477,0
DA:479,0
DA:480,0
DA:483,0
DA:492,0
DA:493,0
DA:494,0
DA:495,0
DA:500,0
DA:501,0
DA:502,0
DA:505,0
DA:506,0
DA:507,0
DA:510,0
DA:511,0
DA:512,0
DA:516,0
DA:517,0
DA:518,0
DA:519,0
DA:522,0
DA:523,0
DA:524,0
DA:525,0
DA:531,0
DA:532,0
DA:533,0
DA:535,0
DA:536,0
DA:537,0
DA:538,0
DA:539,0
DA:542,0
DA:543,0
DA:546,0
DA:547,0
DA:549,0
DA:550,0
DA:552,0
DA:553,0
DA:554,0
DA:555,0
DA:556,0
DA:558,0
DA:562,0
DA:563,0
DA:564,0
DA:565,0
DA:567,0
DA:575,0
DA:577,0
DA:587,0
DA:589,0
DA:590,0
DA:593,0
DA:595,0
DA:596,0
DA:597,0
DA:598,0
DA:601,0
DA:602,0
DA:604,0
DA:613,0
DA:615,0
DA:616,0
DA:619,0
DA:620,0
DA:622,0
DA:623,0
DA:627,0
DA:628,0
DA:629,0
DA:630,0
DA:633,0
DA:634,0
DA:637,0
DA:641,0
DA:642,0
DA:643,0
DA:644,0
DA:645,0
DA:646,0
DA:648,0
DA:652,0
DA:656,0
DA:657,0
DA:658,0
DA:662,0
DA:671,0
DA:679,0
DA:680,0
DA:694,0
DA:696,0
DA:697,0
DA:700,0
DA:718,0
DA:719,0
DA:720,0
DA:721,0
DA:723,0
DA:732,0
DA:734,0
DA:735,0
DA:738,0
DA:739,0
DA:748,0
DA:749,0
DA:750,0
DA:751,0
DA:752,0
DA:753,0
DA:754,0
DA:756,0
DA:759,0
DA:764,0
DA:765,0
DA:766,0
DA:768,0
DA:772,0
LF:257
LH:0
BRDA:76,0,0,0
BRDA:76,0,1,0
BRDA:78,1,0,0
BRDA:78,1,1,0
BRDA:79,2,0,0
BRDA:79,2,1,0
BRDA:80,3,0,0
BRDA:80,3,1,0
BRDA:81,4,0,0
BRDA:81,4,1,0
BRDA:84,5,0,0
BRDA:93,6,0,0
BRDA:93,6,1,0
BRDA:106,7,0,0
BRDA:106,7,1,0
BRDA:127,8,0,0
BRDA:127,8,1,0
BRDA:138,9,0,0
BRDA:138,9,1,0
BRDA:144,10,0,0
BRDA:144,10,1,0
BRDA:153,11,0,0
BRDA:153,11,1,0
BRDA:153,12,0,0
BRDA:153,12,1,0
BRDA:153,13,0,0
BRDA:153,13,1,0
BRDA:155,14,0,0
BRDA:155,14,1,0
BRDA:157,15,0,0
BRDA:157,15,1,0
BRDA:177,16,0,0
BRDA:177,16,1,0
BRDA:205,17,0,0
BRDA:205,17,1,0
BRDA:210,18,0,0
BRDA:210,18,1,0
BRDA:215,19,0,0
BRDA:215,19,1,0
BRDA:223,20,0,0
BRDA:223,20,1,0
BRDA:236,21,0,0
BRDA:236,21,1,0
BRDA:266,22,0,0
BRDA:266,22,1,0
BRDA:284,23,0,0
BRDA:284,23,1,0
BRDA:304,24,0,0
BRDA:304,24,1,0
BRDA:316,25,0,0
BRDA:316,25,1,0
BRDA:331,26,0,0
BRDA:331,26,1,0
BRDA:336,27,0,0
BRDA:336,27,1,0
BRDA:348,28,0,0
BRDA:348,28,1,0
BRDA:364,29,0,0
BRDA:364,29,1,0
BRDA:364,30,0,0
BRDA:364,30,1,0
BRDA:364,30,2,0
BRDA:372,31,0,0
BRDA:372,31,1,0
BRDA:373,32,0,0
BRDA:373,32,1,0
BRDA:374,33,0,0
BRDA:374,33,1,0
BRDA:377,34,0,0
BRDA:377,34,1,0
BRDA:378,35,0,0
BRDA:378,35,1,0
BRDA:379,36,0,0
BRDA:379,36,1,0
BRDA:380,37,0,0
BRDA:380,37,1,0
BRDA:381,38,0,0
BRDA:381,38,1,0
BRDA:382,39,0,0
BRDA:382,39,1,0
BRDA:383,40,0,0
BRDA:383,40,1,0
BRDA:384,41,0,0
BRDA:384,41,1,0
BRDA:404,42,0,0
BRDA:404,42,1,0
BRDA:408,43,0,0
BRDA:408,43,1,0
BRDA:408,44,0,0
BRDA:408,44,1,0
BRDA:409,45,0,0
BRDA:409,45,1,0
BRDA:414,46,0,0
BRDA:414,46,1,0
BRDA:416,47,0,0
BRDA:416,47,1,0
BRDA:423,48,0,0
BRDA:423,48,1,0
BRDA:423,49,0,0
BRDA:423,49,1,0
BRDA:431,50,0,0
BRDA:431,50,1,0
BRDA:445,51,0,0
BRDA:445,51,1,0
BRDA:463,52,0,0
BRDA:463,52,1,0
BRDA:468,53,0,0
BRDA:468,53,1,0
BRDA:475,54,0,0
BRDA:475,54,1,0
BRDA:476,55,0,0
BRDA:476,55,1,0
BRDA:477,56,0,0
BRDA:477,56,1,0
BRDA:477,57,0,0
BRDA:477,57,1,0
BRDA:477,58,0,0
BRDA:477,58,1,0
BRDA:493,59,0,0
BRDA:493,59,1,0
BRDA:500,60,0,0
BRDA:500,60,1,0
BRDA:505,61,0,0
BRDA:505,61,1,0
BRDA:510,62,0,0
BRDA:510,62,1,0
BRDA:516,63,0,0
BRDA:516,63,1,0
BRDA:517,64,0,0
BRDA:517,64,1,0
BRDA:522,65,0,0
BRDA:522,65,1,0
BRDA:523,66,0,0
BRDA:523,66,1,0
BRDA:535,67,0,0
BRDA:535,67,1,0
BRDA:535,68,0,0
BRDA:535,68,1,0
BRDA:542,69,0,0
BRDA:542,69,1,0
BRDA:553,70,0,0
BRDA:553,70,1,0
BRDA:555,71,0,0
BRDA:555,71,1,0
BRDA:562,72,0,0
BRDA:562,72,1,0
BRDA:564,73,0,0
BRDA:564,73,1,0
BRDA:574,74,0,0
BRDA:574,74,1,0
BRDA:589,75,0,0
BRDA:589,75,1,0
BRDA:596,76,0,0
BRDA:596,76,1,0
BRDA:601,77,0,0
BRDA:601,77,1,0
BRDA:615,78,0,0
BRDA:615,78,1,0
BRDA:622,79,0,0
BRDA:622,79,1,0
BRDA:622,80,0,0
BRDA:622,80,1,0
BRDA:628,81,0,0
BRDA:628,81,1,0
BRDA:633,82,0,0
BRDA:633,82,1,0
BRDA:641,83,0,0
BRDA:641,83,1,0
BRDA:644,84,0,0
BRDA:644,84,1,0
BRDA:656,85,0,0
BRDA:656,85,1,0
BRDA:668,86,0,0
BRDA:668,86,1,0
BRDA:669,87,0,0
BRDA:669,87,1,0
BRDA:696,88,0,0
BRDA:696,88,1,0
BRDA:719,89,0,0
BRDA:719,89,1,0
BRDA:734,90,0,0
BRDA:734,90,1,0
BRDA:752,91,0,0
BRDA:752,91,1,0
BRDA:756,92,0,0
BRDA:756,92,1,0
BRDA:757,93,0,0
BRDA:757,93,1,0
BRDA:758,94,0,0
BRDA:758,94,1,0
BRF:190
BRH:0
end_of_record
TN:
SF:routes/artikelgruppen.js
FN:176,(anonymous_0)
FN:187,(anonymous_1)
FN:188,(anonymous_2)
FN:190,(anonymous_3)
FN:193,(anonymous_4)
FN:194,(anonymous_5)
FN:240,(anonymous_6)
FN:241,(anonymous_7)
FN:247,(anonymous_8)
FN:248,(anonymous_9)
FN:250,(anonymous_10)
FN:253,(anonymous_11)
FN:254,(anonymous_12)
FN:280,(anonymous_13)
FN:290,(anonymous_14)
FN:291,(anonymous_15)
FN:293,(anonymous_16)
FN:314,(anonymous_17)
FN:315,(anonymous_18)
FN:339,(anonymous_19)
FN:351,(anonymous_20)
FN:352,(anonymous_21)
FN:371,(anonymous_22)
FN:372,(anonymous_23)
FN:396,(anonymous_24)
FN:407,(anonymous_25)
FN:417,(anonymous_26)
FN:441,(anonymous_27)
FN:442,(anonymous_28)
FN:473,(anonymous_29)
FN:500,(anonymous_30)
FN:516,(anonymous_31)
FN:520,(anonymous_32)
FN:540,(anonymous_33)
FN:549,(anonymous_34)
FN:586,(anonymous_35)
FN:607,(anonymous_36)
FN:608,(anonymous_37)
FN:622,(anonymous_38)
FN:626,(anonymous_39)
FN:648,(anonymous_40)
FN:659,(anonymous_41)
FN:691,(anonymous_42)
FN:711,(anonymous_43)
FN:712,(anonymous_44)
FN:725,(anonymous_45)
FN:726,(anonymous_46)
FN:739,(anonymous_47)
FN:743,(anonymous_48)
FN:757,(anonymous_49)
FN:758,(anonymous_50)
FNF:51
FNH:0
FNDA:0,(anonymous_0)
FNDA:0,(anonymous_1)
FNDA:0,(anonymous_2)
FNDA:0,(anonymous_3)
FNDA:0,(anonymous_4)
FNDA:0,(anonymous_5)
FNDA:0,(anonymous_6)
FNDA:0,(anonymous_7)
FNDA:0,(anonymous_8)
FNDA:0,(anonymous_9)
FNDA:0,(anonymous_10)
FNDA:0,(anonymous_11)
FNDA:0,(anonymous_12)
FNDA:0,(anonymous_13)
FNDA:0,(anonymous_14)
FNDA:0,(anonymous_15)
FNDA:0,(anonymous_16)
FNDA:0,(anonymous_17)
FNDA:0,(anonymous_18)
FNDA:0,(anonymous_19)
FNDA:0,(anonymous_20)
FNDA:0,(anonymous_21)
FNDA:0,(anonymous_22)
FNDA:0,(anonymous_23)
FNDA:0,(anonymous_24)
FNDA:0,(anonymous_25)
FNDA:0,(anonymous_26)
FNDA:0,(anonymous_27)
FNDA:0,(anonymous_28)
FNDA:0,(anonymous_29)
FNDA:0,(anonymous_30)
FNDA:0,(anonymous_31)
FNDA:0,(anonymous_32)
FNDA:0,(anonymous_33)
FNDA:0,(anonymous_34)
FNDA:0,(anonymous_35)
FNDA:0,(anonymous_36)
FNDA:0,(anonymous_37)
FNDA:0,(anonymous_38)
FNDA:0,(anonymous_39)
FNDA:0,(anonymous_40)
FNDA:0,(anonymous_41)
FNDA:0,(anonymous_42)
FNDA:0,(anonymous_43)
FNDA:0,(anonymous_44)
FNDA:0,(anonymous_45)
FNDA:0,(anonymous_46)
FNDA:0,(anonymous_47)
FNDA:0,(anonymous_48)
FNDA:0,(anonymous_49)
FNDA:0,(anonymous_50)
DA:1,0
DA:2,0
DA:3,0
DA:8,0
DA:167,0
DA:176,0
DA:177,0
DA:179,0
DA:180,0
DA:184,0
DA:185,0
DA:187,0
DA:188,0
DA:190,0
DA:193,0
DA:194,0
DA:197,0
DA:210,0
DA:240,0
DA:241,0
DA:242,0
DA:243,0
DA:247,0
DA:248,0
DA:250,0
DA:253,0
DA:254,0
DA:257,0
DA:268,0
DA:269,0
DA:280,0
DA:281,0
DA:283,0
DA:284,0
DA:288,0
DA:289,0
DA:290,0
DA:291,0
DA:293,0
DA:296,0
DA:304,0
DA:314,0
DA:315,0
DA:316,0
DA:317,0
DA:321,0
DA:327,0
DA:328,0
DA:339,0
DA:340,0
DA:342,0
DA:343,0
DA:346,0
DA:349,0
DA:350,0
DA:351,0
DA:352,0
DA:354,0
DA:362,0
DA:371,0
DA:372,0
DA:373,0
DA:374,0
DA:378,0
DA:384,0
DA:385,0
DA:396,0
DA:397,0
DA:399,0
DA:400,0
DA:403,0
DA:406,0
DA:407,0
DA:409,0
DA:410,0
DA:416,0
DA:417,0
DA:420,0
DA:431,0
DA:441,0
DA:442,0
DA:443,0
DA:444,0
DA:448,0
DA:449,0
DA:455,0
DA:461,0
DA:462,0
DA:473,0
DA:474,0
DA:476,0
DA:477,0
DA:487,0
DA:490,0
DA:491,0
DA:498,0
DA:499,0
DA:500,0
DA:502,0
DA:515,0
DA:516,0
DA:517,0
DA:521,0
DA:522,0
DA:527,0
DA:528,0
DA:535,0
DA:540,0
DA:541,0
DA:550,0
DA:551,0
DA:555,0
DA:566,0
DA:568,0
DA:569,0
DA:575,0
DA:586,0
DA:587,0
DA:589,0
DA:590,0
DA:593,0
DA:594,0
DA:597,0
DA:598,0
DA:599,0
DA:607,0
DA:608,0
DA:609,0
DA:610,0
DA:614,0
DA:615,0
DA:621,0
DA:622,0
DA:623,0
DA:627,0
DA:628,0
DA:633,0
DA:634,0
DA:641,0
DA:648,0
DA:649,0
DA:660,0
DA:661,0
DA:665,0
DA:671,0
DA:673,0
DA:674,0
DA:680,0
DA:691,0
DA:692,0
DA:694,0
DA:695,0
DA:698,0
DA:701,0
DA:702,0
DA:703,0
DA:711,0
DA:712,0
DA:713,0
DA:714,0
DA:718,0
DA:719,0
DA:725,0
DA:726,0
DA:727,0
DA:728,0
DA:732,0
DA:733,0
DA:739,0
DA:740,0
DA:744,0
DA:745,0
DA:750,0
DA:751,0
DA:757,0
DA:758,0
DA:759,0
DA:760,0
DA:764,0
DA:770,0
DA:771,0
DA:779,0
LF:182
LH:0
BRDA:179,0,0,0
BRDA:179,0,1,0
BRDA:179,1,0,0
BRDA:179,1,1,0
BRDA:184,2,0,0
BRDA:184,2,1,0
BRDA:242,3,0,0
BRDA:242,3,1,0
BRDA:283,4,0,0
BRDA:283,4,1,0
BRDA:283,5,0,0
BRDA:283,5,1,0
BRDA:288,6,0,0
BRDA:288,6,1,0
BRDA:316,7,0,0
BRDA:316,7,1,0
BRDA:342,8,0,0
BRDA:342,8,1,0
BRDA:342,9,0,0
BRDA:342,9,1,0
BRDA:349,10,0,0
BRDA:349,10,1,0
BRDA:373,11,0,0
BRDA:373,11,1,0
BRDA:399,12,0,0
BRDA:399,12,1,0
BRDA:399,13,0,0
BRDA:399,13,1,0
BRDA:406,14,0,0
BRDA:406,14,1,0
BRDA:409,15,0,0
BRDA:409,15,1,0
BRDA:416,16,0,0
BRDA:416,16,1,0
BRDA:424,17,0,0
BRDA:424,17,1,0
BRDA:443,18,0,0
BRDA:443,18,1,0
BRDA:448,19,0,0
BRDA:448,19,1,0
BRDA:476,20,0,0
BRDA:476,20,1,0
BRDA:476,21,0,0
BRDA:476,21,1,0
BRDA:484,22,0,0
BRDA:490,23,0,0
BRDA:490,23,1,0
BRDA:490,24,0,0
BRDA:490,24,1,0
BRDA:498,25,0,0
BRDA:498,25,1,0
BRDA:508,26,0,0
BRDA:508,26,1,0
BRDA:515,27,0,0
BRDA:515,27,1,0
BRDA:521,28,0,0
BRDA:521,28,1,0
BRDA:527,29,0,0
BRDA:527,29,1,0
BRDA:543,30,0,0
BRDA:543,30,1,0
BRDA:544,31,0,0
BRDA:544,31,1,0
BRDA:546,32,0,0
BRDA:546,32,1,0
BRDA:547,33,0,0
BRDA:547,33,1,0
BRDA:550,34,0,0
BRDA:550,34,1,0
BRDA:561,35,0,0
BRDA:561,35,1,0
BRDA:568,36,0,0
BRDA:568,36,1,0
BRDA:589,37,0,0
BRDA:589,37,1,0
BRDA:589,38,0,0
BRDA:589,38,1,0
BRDA:597,39,0,0
BRDA:597,39,1,0
BRDA:609,40,0,0
BRDA:609,40,1,0
BRDA:614,41,0,0
BRDA:614,41,1,0
BRDA:621,42,0,0
BRDA:621,42,1,0
BRDA:627,43,0,0
BRDA:627,43,1,0
BRDA:633,44,0,0
BRDA:633,44,1,0
BRDA:650,45,0,0
BRDA:650,45,1,0
BRDA:651,46,0,0
BRDA:651,46,1,0
BRDA:652,47,0,0
BRDA:652,47,1,0
BRDA:653,48,0,0
BRDA:653,48,1,0
BRDA:654,49,0,0
BRDA:654,49,1,0
BRDA:655,50,0,0
BRDA:655,50,1,0
BRDA:656,51,0,0
BRDA:656,51,1,0
BRDA:660,52,0,0
BRDA:660,52,1,0
BRDA:673,53,0,0
BRDA:673,53,1,0
BRDA:694,54,0,0
BRDA:694,54,1,0
BRDA:694,55,0,0
BRDA:694,55,1,0
BRDA:701,56,0,0
BRDA:701,56,1,0
BRDA:713,57,0,0
BRDA:713,57,1,0
BRDA:718,58,0,0
BRDA:718,58,1,0
BRDA:727,59,0,0
BRDA:727,59,1,0
BRDA:732,60,0,0
BRDA:732,60,1,0
BRDA:744,61,0,0
BRDA:744,61,1,0
BRDA:750,62,0,0
BRDA:750,62,1,0
BRDA:759,63,0,0
BRDA:759,63,1,0
BRF:127
BRH:0
end_of_record
TN:
SF:routes/auswertungen.js
FN:6,(anonymous_0)
FN:7,(anonymous_1)
FN:8,(anonymous_2)
FN:19,(anonymous_3)
FN:24,(anonymous_4)
FN:115,(anonymous_5)
FN:116,(anonymous_6)
FN:143,(anonymous_7)
FN:156,(anonymous_8)
FN:174,(anonymous_9)
FN:176,(anonymous_10)
FN:190,(anonymous_11)
FN:219,(anonymous_12)
FN:233,(anonymous_13)
FN:236,(anonymous_14)
FN:331,(anonymous_15)
FN:384,(anonymous_16)
FN:398,(anonymous_17)
FN:402,(anonymous_18)
FN:406,(anonymous_19)
FN:411,(anonymous_20)
FN:416,(anonymous_21)
FN:433,(anonymous_22)
FN:465,generateRecommendations
FN:564,(anonymous_24)
FN:601,(anonymous_25)
FN:605,(anonymous_26)
FN:606,(anonymous_27)
FN:695,(anonymous_28)
FN:723,(anonymous_29)
FN:779,(anonymous_30)
FN:794,(anonymous_31)
FN:816,(anonymous_32)
FN:851,(anonymous_33)
FN:883,(anonymous_34)
FN:916,(anonymous_35)
FN:920,(anonymous_36)
FN:946,(anonymous_37)
FN:974,(anonymous_38)
FNF:39
FNH:0
FNDA:0,(anonymous_0)
FNDA:0,(anonymous_1)
FNDA:0,(anonymous_2)
FNDA:0,(anonymous_3)
FNDA:0,(anonymous_4)
FNDA:0,(anonymous_5)
FNDA:0,(anonymous_6)
FNDA:0,(anonymous_7)
FNDA:0,(anonymous_8)
FNDA:0,(anonymous_9)
FNDA:0,(anonymous_10)
FNDA:0,(anonymous_11)
FNDA:0,(anonymous_12)
FNDA:0,(anonymous_13)
FNDA:0,(anonymous_14)
FNDA:0,(anonymous_15)
FNDA:0,(anonymous_16)
FNDA:0,(anonymous_17)
FNDA:0,(anonymous_18)
FNDA:0,(anonymous_19)
FNDA:0,(anonymous_20)
FNDA:0,(anonymous_21)
FNDA:0,(anonymous_22)
FNDA:0,generateRecommendations
FNDA:0,(anonymous_24)
FNDA:0,(anonymous_25)
FNDA:0,(anonymous_26)
FNDA:0,(anonymous_27)
FNDA:0,(anonymous_28)
FNDA:0,(anonymous_29)
FNDA:0,(anonymous_30)
FNDA:0,(anonymous_31)
FNDA:0,(anonymous_32)
FNDA:0,(anonymous_33)
FNDA:0,(anonymous_34)
FNDA:0,(anonymous_35)
FNDA:0,(anonymous_36)
FNDA:0,(anonymous_37)
FNDA:0,(anonymous_38)
DA:1,0
DA:2,0
DA:3,0
DA:6,0
DA:7,0
DA:8,0
DA:9,0
DA:10,0
DA:12,0
DA:19,0
DA:20,0
DA:24,0
DA:25,0
DA:27,0
DA:37,0
DA:54,0
DA:66,0
DA:79,0
DA:92,0
DA:103,0
DA:104,0
DA:106,0
DA:115,0
DA:116,0
DA:117,0
DA:122,0
DA:132,0
DA:135,0
DA:143,0
DA:146,0
DA:156,0
DA:162,0
DA:174,0
DA:176,0
DA:182,0
DA:190,0
DA:193,0
DA:210,0
DA:219,0
DA:222,0
DA:233,0
DA:236,0
DA:237,0
DA:242,0
DA:250,0
DA:260,0
DA:271,0
DA:272,0
DA:273,0
DA:276,0
DA:286,0
DA:297,0
DA:314,0
DA:322,0
DA:331,0
DA:334,0
DA:346,0
DA:354,0
DA:359,0
DA:384,0
DA:398,0
DA:402,0
DA:406,0
DA:411,0
DA:416,0
DA:433,0
DA:466,0
DA:469,0
DA:470,0
DA:476,0
DA:477,0
DA:486,0
DA:487,0
DA:496,0
DA:497,0
DA:503,0
DA:504,0
DA:513,0
DA:514,0
DA:523,0
DA:524,0
DA:533,0
DA:534,0
DA:543,0
DA:544,0
DA:552,0
DA:555,0
DA:558,0
DA:559,0
DA:564,0
DA:565,0
DA:567,0
DA:568,0
DA:569,0
DA:571,0
DA:592,0
DA:595,0
DA:596,0
DA:601,0
DA:602,0
DA:603,0
DA:605,0
DA:606,0
DA:607,0
DA:608,0
DA:609,0
DA:611,0
DA:613,0
DA:672,0
DA:686,0
DA:689,0
DA:690,0
DA:695,0
DA:696,0
DA:697,0
DA:701,0
DA:702,0
DA:705,0
DA:707,0
DA:717,0
DA:718,0
DA:723,0
DA:724,0
DA:725,0
DA:727,0
DA:729,0
DA:730,0
DA:731,0
DA:733,0
DA:734,0
DA:735,0
DA:737,0
DA:738,0
DA:739,0
DA:741,0
DA:742,0
DA:746,0
DA:758,0
DA:767,0
DA:773,0
DA:774,0
DA:777,0
DA:778,0
DA:779,0
DA:782,0
DA:783,0
DA:791,0
DA:794,0
DA:810,0
DA:811,0
DA:816,0
DA:817,0
DA:819,0
DA:833,0
DA:834,0
DA:850,0
DA:851,0
DA:852,0
DA:853,0
DA:854,0
DA:858,0
DA:876,0
DA:879,0
DA:880,0
DA:881,0
DA:883,0
DA:884,0
DA:885,0
DA:887,0
DA:888,0
DA:892,0
DA:893,0
DA:894,0
DA:897,0
DA:898,0
DA:907,0
DA:908,0
DA:912,0
DA:916,0
DA:920,0
DA:926,0
DA:937,0
DA:940,0
DA:941,0
DA:946,0
DA:947,0
DA:948,0
DA:960,0
DA:962,0
DA:968,0
DA:969,0
DA:974,0
DA:975,0
DA:976,0
DA:985,0
DA:987,0
DA:993,0
DA:994,0
DA:998,0
LF:199
LH:0
BRDA:6,0,0,0
BRDA:9,1,0,0
BRDA:9,1,1,0
BRDA:115,2,0,0
BRDA:115,2,1,0
BRDA:116,3,0,0
BRDA:116,3,1,0
BRDA:117,4,0,0
BRDA:117,4,1,0
BRDA:132,5,0,0
BRDA:132,5,1,0
BRDA:157,6,0,0
BRDA:157,6,1,0
BRDA:237,7,0,0
BRDA:237,7,1,0
BRDA:272,8,0,0
BRDA:272,8,1,0
BRDA:354,9,0,0
BRDA:354,9,1,0
BRDA:367,10,0,0
BRDA:367,10,1,0
BRDA:369,11,0,0
BRDA:369,11,1,0
BRDA:397,12,0,0
BRDA:397,12,1,0
BRDA:448,13,0,0
BRDA:448,13,1,0
BRDA:459,14,0,0
BRDA:459,14,1,0
BRDA:469,15,0,0
BRDA:469,15,1,0
BRDA:476,16,0,0
BRDA:476,16,1,0
BRDA:486,17,0,0
BRDA:486,17,1,0
BRDA:496,18,0,0
BRDA:496,18,1,0
BRDA:503,19,0,0
BRDA:503,19,1,0
BRDA:513,20,0,0
BRDA:513,20,1,0
BRDA:523,21,0,0
BRDA:523,21,1,0
BRDA:523,22,0,0
BRDA:523,22,1,0
BRDA:533,23,0,0
BRDA:533,23,1,0
BRDA:543,24,0,0
BRDA:543,24,1,0
BRDA:568,25,0,0
BRDA:568,25,1,0
BRDA:603,26,0,0
BRDA:603,27,0,0
BRDA:603,28,0,0
BRDA:605,29,0,0
BRDA:605,29,1,0
BRDA:606,30,0,0
BRDA:606,30,1,0
BRDA:611,31,0,0
BRDA:611,31,1,0
BRDA:652,32,0,0
BRDA:652,32,1,0
BRDA:654,33,0,0
BRDA:654,33,1,0
BRDA:701,34,0,0
BRDA:701,34,1,0
BRDA:725,35,0,0
BRDA:727,36,0,0
BRDA:727,36,1,0
BRDA:727,36,2,0
BRDA:727,36,3,0
BRDA:778,37,0,0
BRDA:778,37,1,0
BRDA:782,38,0,0
BRDA:782,38,1,0
BRDA:788,39,0,0
BRDA:788,39,1,0
BRDA:833,40,0,0
BRDA:833,40,1,0
BRDA:853,41,0,0
BRDA:853,41,1,0
BRDA:853,42,0,0
BRDA:853,42,1,0
BRDA:887,43,0,0
BRDA:887,43,1,0
BRDA:897,44,0,0
BRDA:897,44,1,0
BRDA:915,45,0,0
BRDA:915,45,1,0
BRF:89
BRH:0
end_of_record
TN:
SF:routes/auth.js
FN:14,(anonymous_0)
FN:30,(anonymous_1)
FN:43,(anonymous_2)
FN:75,(anonymous_3)
FN:87,(anonymous_4)
FN:115,processLogin
FN:234,(anonymous_6)
FN:242,(anonymous_7)
FN:258,(anonymous_8)
FN:274,(anonymous_9)
FN:286,(anonymous_10)
FN:301,(anonymous_11)
FN:311,(anonymous_12)
FN:324,(anonymous_13)
FN:332,(anonymous_14)
FN:344,(anonymous_15)
FN:356,(anonymous_16)
FN:372,(anonymous_17)
FN:384,(anonymous_18)
FN:388,(anonymous_19)
FN:403,(anonymous_20)
FN:424,(anonymous_21)
FN:426,(anonymous_22)
FN:449,(anonymous_23)
FN:452,(anonymous_24)
FN:464,(anonymous_25)
FN:479,(anonymous_26)
FN:501,(anonymous_27)
FN:513,(anonymous_28)
FN:532,(anonymous_29)
FN:542,(anonymous_30)
FN:565,(anonymous_31)
FN:592,(anonymous_32)
FN:620,(anonymous_33)
FN:669,(anonymous_34)
FNF:35
FNH:4
FNDA:1,(anonymous_0)
FNDA:1,(anonymous_1)
FNDA:2,(anonymous_2)
FNDA:0,(anonymous_3)
FNDA:0,(anonymous_4)
FNDA:0,processLogin
FNDA:0,(anonymous_6)
FNDA:0,(anonymous_7)
FNDA:0,(anonymous_8)
FNDA:0,(anonymous_9)
FNDA:0,(anonymous_10)
FNDA:0,(anonymous_11)
FNDA:0,(anonymous_12)
FNDA:0,(anonymous_13)
FNDA:0,(anonymous_14)
FNDA:0,(anonymous_15)
FNDA:0,(anonymous_16)
FNDA:0,(anonymous_17)
FNDA:0,(anonymous_18)
FNDA:0,(anonymous_19)
FNDA:0,(anonymous_20)
FNDA:0,(anonymous_21)
FNDA:0,(anonymous_22)
FNDA:0,(anonymous_23)
FNDA:0,(anonymous_24)
FNDA:0,(anonymous_25)
FNDA:0,(anonymous_26)
FNDA:0,(anonymous_27)
FNDA:0,(anonymous_28)
FNDA:0,(anonymous_29)
FNDA:0,(anonymous_30)
FNDA:1,(anonymous_31)
FNDA:0,(anonymous_32)
FNDA:0,(anonymous_33)
FNDA:0,(anonymous_34)
DA:1,1
DA:2,1
DA:3,1
DA:4,1
DA:5,1
DA:6,1
DA:7,1
DA:14,1
DA:16,1
DA:30,1
DA:32,1
DA:43,1
DA:45,2
DA:46,2
DA:48,2
DA:50,2
DA:57,0
DA:59,0
DA:67,0
DA:75,0
DA:76,0
DA:77,0
DA:78,0
DA:86,0
DA:87,0
DA:88,0
DA:89,0
DA:90,0
DA:97,0
DA:98,0
DA:105,0
DA:107,0
DA:111,0
DA:117,0
DA:120,0
DA:122,0
DA:124,0
DA:131,0
DA:133,0
DA:135,0
DA:136,0
DA:143,0
DA:148,0
DA:149,0
DA:155,0
DA:156,0
DA:163,0
DA:164,0
DA:172,0
DA:186,0
DA:189,0
DA:204,0
DA:212,0
DA:213,0
DA:221,0
DA:222,0
DA:234,1
DA:235,0
DA:236,0
DA:238,0
DA:239,0
DA:242,0
DA:243,0
DA:245,0
DA:248,0
DA:249,0
DA:258,1
DA:260,0
DA:274,1
DA:276,0
DA:286,1
DA:287,0
DA:289,0
DA:290,0
DA:293,0
DA:294,0
DA:295,0
DA:296,0
DA:299,0
DA:300,0
DA:301,0
DA:302,0
DA:303,0
DA:305,0
DA:306,0
DA:307,0
DA:309,0
DA:310,0
DA:311,0
DA:312,0
DA:313,0
DA:317,0
DA:324,1
DA:325,0
DA:326,0
DA:327,0
DA:329,0
DA:330,0
DA:331,0
DA:332,0
DA:333,0
DA:334,0
DA:337,0
DA:344,1
DA:345,0
DA:346,0
DA:347,0
DA:349,0
DA:350,0
DA:351,0
DA:352,0
DA:355,0
DA:356,0
DA:357,0
DA:358,0
DA:359,0
DA:361,0
DA:362,0
DA:364,0
DA:365,0
DA:367,0
DA:368,0
DA:370,0
DA:371,0
DA:372,0
DA:373,0
DA:374,0
DA:382,1
DA:384,0
DA:386,0
DA:388,0
DA:389,0
DA:390,0
DA:391,0
DA:394,0
DA:403,0
DA:404,0
DA:406,0
DA:407,0
DA:410,0
DA:411,0
DA:412,0
DA:419,0
DA:424,0
DA:426,0
DA:427,0
DA:428,0
DA:429,0
DA:435,0
DA:449,1
DA:450,0
DA:452,0
DA:453,0
DA:454,0
DA:455,0
DA:459,0
DA:464,1
DA:465,0
DA:466,0
DA:469,0
DA:470,0
DA:473,0
DA:474,0
DA:477,0
DA:478,0
DA:479,0
DA:480,0
DA:481,0
DA:482,0
DA:483,0
DA:485,0
DA:488,0
DA:489,0
DA:492,0
DA:495,0
DA:496,0
DA:501,1
DA:502,0
DA:503,0
DA:505,0
DA:506,0
DA:509,0
DA:510,0
DA:511,0
DA:513,0
DA:514,0
DA:515,0
DA:516,0
DA:519,0
DA:520,0
DA:523,0
DA:526,0
DA:527,0
DA:532,1
DA:533,0
DA:536,0
DA:537,0
DA:540,0
DA:542,0
DA:543,0
DA:544,0
DA:545,0
DA:548,0
DA:549,0
DA:552,0
DA:565,1
DA:566,1
DA:568,1
DA:569,1
DA:576,0
DA:578,0
DA:592,0
DA:593,0
DA:594,0
DA:595,0
DA:603,0
DA:604,0
DA:611,0
DA:614,0
DA:620,0
DA:621,0
DA:622,0
DA:627,0
DA:639,0
DA:654,0
DA:655,0
DA:669,1
DA:671,0
DA:688,1
LF:229
LH:33
BRDA:46,0,0,2
BRDA:46,0,1,1
BRDA:48,1,0,2
BRDA:48,1,1,0
BRDA:48,2,0,2
BRDA:48,2,1,1
BRDA:76,3,0,0
BRDA:76,3,1,0
BRDA:81,4,0,0
BRDA:81,4,1,0
BRDA:86,5,0,0
BRDA:86,5,1,0
BRDA:88,6,0,0
BRDA:88,6,1,0
BRDA:93,7,0,0
BRDA:93,7,1,0
BRDA:97,8,0,0
BRDA:97,8,1,0
BRDA:122,9,0,0
BRDA:122,9,1,0
BRDA:133,10,0,0
BRDA:133,10,1,0
BRDA:133,11,0,0
BRDA:133,11,1,0
BRDA:135,12,0,0
BRDA:135,12,1,0
BRDA:148,13,0,0
BRDA:148,13,1,0
BRDA:155,14,0,0
BRDA:155,14,1,0
BRDA:163,15,0,0
BRDA:163,15,1,0
BRDA:163,16,0,0
BRDA:163,16,1,0
BRDA:178,17,0,0
BRDA:178,17,1,0
BRDA:179,18,0,0
BRDA:179,18,1,0
BRDA:180,19,0,0
BRDA:180,19,1,0
BRDA:181,20,0,0
BRDA:181,20,1,0
BRDA:182,21,0,0
BRDA:182,21,1,0
BRDA:182,22,0,0
BRDA:182,22,1,0
BRDA:195,23,0,0
BRDA:195,23,1,0
BRDA:196,24,0,0
BRDA:196,24,1,0
BRDA:197,25,0,0
BRDA:197,25,1,0
BRDA:198,26,0,0
BRDA:198,26,1,0
BRDA:199,27,0,0
BRDA:199,27,1,0
BRDA:199,28,0,0
BRDA:199,28,1,0
BRDA:225,29,0,0
BRDA:225,29,1,0
BRDA:236,30,0,0
BRDA:236,30,1,0
BRDA:238,31,0,0
BRDA:238,31,1,0
BRDA:243,32,0,0
BRDA:243,32,1,0
BRDA:289,33,0,0
BRDA:289,33,1,0
BRDA:289,34,0,0
BRDA:289,34,1,0
BRDA:295,35,0,0
BRDA:295,35,1,0
BRDA:295,36,0,0
BRDA:295,36,1,0
BRDA:295,36,2,0
BRDA:302,37,0,0
BRDA:302,37,1,0
BRDA:303,38,0,0
BRDA:303,38,1,0
BRDA:307,39,0,0
BRDA:307,39,1,0
BRDA:312,40,0,0
BRDA:312,40,1,0
BRDA:326,41,0,0
BRDA:326,41,1,0
BRDA:326,42,0,0
BRDA:326,42,1,0
BRDA:333,43,0,0
BRDA:333,43,1,0
BRDA:346,44,0,0
BRDA:346,44,1,0
BRDA:346,45,0,0
BRDA:346,45,1,0
BRDA:346,45,2,0
BRDA:346,45,3,0
BRDA:351,46,0,0
BRDA:351,46,1,0
BRDA:351,47,0,0
BRDA:351,47,1,0
BRDA:351,47,2,0
BRDA:357,48,0,0
BRDA:357,48,1,0
BRDA:358,49,0,0
BRDA:358,49,1,0
BRDA:361,50,0,0
BRDA:361,50,1,0
BRDA:361,51,0,0
BRDA:361,51,1,0
BRDA:364,52,0,0
BRDA:364,52,1,0
BRDA:368,53,0,0
BRDA:368,53,1,0
BRDA:373,54,0,0
BRDA:373,54,1,0
BRDA:382,55,0,0
BRDA:382,55,1,1
BRDA:389,56,0,0
BRDA:389,56,1,0
BRDA:406,57,0,0
BRDA:406,57,1,0
BRDA:406,58,0,0
BRDA:406,58,1,0
BRDA:427,59,0,0
BRDA:427,59,1,0
BRDA:453,60,0,0
BRDA:453,60,1,0
BRDA:469,61,0,0
BRDA:469,61,1,0
BRDA:469,62,0,0
BRDA:469,62,1,0
BRDA:469,62,2,0
BRDA:473,63,0,0
BRDA:473,63,1,0
BRDA:480,64,0,0
BRDA:480,64,1,0
BRDA:482,65,0,0
BRDA:482,65,1,0
BRDA:488,66,0,0
BRDA:488,66,1,0
BRDA:505,67,0,0
BRDA:505,67,1,0
BRDA:505,68,0,0
BRDA:505,68,1,0
BRDA:514,69,0,0
BRDA:514,69,1,0
BRDA:519,70,0,0
BRDA:519,70,1,0
BRDA:536,71,0,0
BRDA:536,71,1,0
BRDA:543,72,0,0
BRDA:543,72,1,0
BRDA:548,73,0,0
BRDA:548,73,1,0
BRDA:568,74,0,1
BRDA:568,74,1,0
BRDA:593,75,0,0
BRDA:593,75,1,0
BRDA:599,76,0,0
BRDA:599,76,1,0
BRDA:603,77,0,0
BRDA:603,77,1,0
BRDA:621,78,0,0
BRDA:621,78,1,0
BRDA:659,79,0,0
BRDA:659,79,1,0
BRF:165
BRH:7
end_of_record
TN:
SF:routes/banken.js
FN:6,(anonymous_0)
FN:28,(anonymous_1)
FN:58,(anonymous_2)
FN:88,(anonymous_3)
FN:108,(anonymous_4)
FN:119,(anonymous_5)
FN:136,(anonymous_6)
FN:139,(anonymous_7)
FN:150,(anonymous_8)
FN:167,(anonymous_9)
FN:177,(anonymous_10)
FN:182,(anonymous_11)
FN:197,calculateCheckDigits
FNF:13
FNH:0
FNDA:0,(anonymous_0)
FNDA:0,(anonymous_1)
FNDA:0,(anonymous_2)
FNDA:0,(anonymous_3)
FNDA:0,(anonymous_4)
FNDA:0,(anonymous_5)
FNDA:0,(anonymous_6)
FNDA:0,(anonymous_7)
FNDA:0,(anonymous_8)
FNDA:0,(anonymous_9)
FNDA:0,(anonymous_10)
FNDA:0,(anonymous_11)
FNDA:0,calculateCheckDigits
DA:1,0
DA:2,0
DA:3,0
DA:6,0
DA:7,0
DA:9,0
DA:10,0
DA:14,0
DA:17,0
DA:18,0
DA:24,0
DA:26,0
DA:28,0
DA:29,0
DA:30,0
DA:31,0
DA:34,0
DA:35,0
DA:45,0
DA:46,0
DA:58,0
DA:59,0
DA:61,0
DA:62,0
DA:68,0
DA:71,0
DA:72,0
DA:78,0
DA:81,0
DA:84,0
DA:86,0
DA:88,0
DA:89,0
DA:90,0
DA:91,0
DA:94,0
DA:96,0
DA:108,0
DA:109,0
DA:111,0
DA:112,0
DA:117,0
DA:119,0
DA:120,0
DA:121,0
DA:122,0
DA:125,0
DA:126,0
DA:131,0
DA:136,0
DA:137,0
DA:139,0
DA:140,0
DA:141,0
DA:142,0
DA:145,0
DA:150,0
DA:151,0
DA:153,0
DA:154,0
DA:157,0
DA:165,0
DA:167,0
DA:168,0
DA:169,0
DA:170,0
DA:172,0
DA:177,0
DA:178,0
DA:180,0
DA:182,0
DA:183,0
DA:184,0
DA:185,0
DA:188,0
DA:189,0
DA:192,0
DA:199,0
DA:202,0
DA:203,0
DA:204,0
DA:208,0
DA:209,0
DA:212,0
LF:84
LH:0
BRDA:9,0,0,0
BRDA:9,0,1,0
BRDA:17,1,0,0
BRDA:17,1,1,0
BRDA:29,2,0,0
BRDA:29,2,1,0
BRDA:34,3,0,0
BRDA:34,3,1,0
BRDA:61,4,0,0
BRDA:61,4,1,0
BRDA:61,5,0,0
BRDA:61,5,1,0
BRDA:71,6,0,0
BRDA:71,6,1,0
BRDA:89,7,0,0
BRDA:89,7,1,0
BRDA:94,8,0,0
BRDA:94,8,1,0
BRDA:111,9,0,0
BRDA:111,9,1,0
BRDA:120,10,0,0
BRDA:120,10,1,0
BRDA:125,11,0,0
BRDA:125,11,1,0
BRDA:140,12,0,0
BRDA:140,12,1,0
BRDA:153,13,0,0
BRDA:153,13,1,0
BRDA:153,14,0,0
BRDA:153,14,1,0
BRDA:168,15,0,0
BRDA:168,15,1,0
BRDA:183,16,0,0
BRDA:183,16,1,0
BRDA:188,17,0,0
BRDA:188,17,1,0
BRF:36
BRH:0
end_of_record
TN:
SF:routes/beitraege.js
FN:6,(anonymous_0)
FN:42,(anonymous_1)
FN:53,(anonymous_2)
FN:74,(anonymous_3)
FN:89,(anonymous_4)
FN:107,(anonymous_5)
FN:125,(anonymous_6)
FN:130,(anonymous_7)
FNF:8
FNH:0
FNDA:0,(anonymous_0)
FNDA:0,(anonymous_1)
FNDA:0,(anonymous_2)
FNDA:0,(anonymous_3)
FNDA:0,(anonymous_4)
FNDA:0,(anonymous_5)
FNDA:0,(anonymous_6)
FNDA:0,(anonymous_7)
DA:1,0
DA:2,0
DA:3,0
DA:6,0
DA:7,0
DA:9,0
DA:10,0
DA:14,0
DA:15,0
DA:17,0
DA:18,0
DA:19,0
DA:22,0
DA:24,0
DA:42,0
DA:43,0
DA:44,0
DA:45,0
DA:48,0
DA:53,0
DA:54,0
DA:56,0
DA:57,0
DA:60,0
DA:65,0
DA:74,0
DA:75,0
DA:76,0
DA:77,0
DA:80,0
DA:89,0
DA:90,0
DA:91,0
DA:93,0
DA:99,0
DA:107,0
DA:108,0
DA:109,0
DA:110,0
DA:113,0
DA:114,0
DA:117,0
DA:125,0
DA:126,0
DA:128,0
DA:130,0
DA:131,0
DA:132,0
DA:133,0
DA:136,0
DA:137,0
DA:140,0
DA:147,0
LF:53
LH:0
BRDA:9,0,0,0
BRDA:9,0,1,0
BRDA:17,1,0,0
BRDA:17,1,1,0
BRDA:17,2,0,0
BRDA:17,2,1,0
BRDA:43,3,0,0
BRDA:43,3,1,0
BRDA:56,4,0,0
BRDA:56,4,1,0
BRDA:56,5,0,0
BRDA:56,5,1,0
BRDA:68,6,0,0
BRDA:68,6,1,0
BRDA:69,7,0,0
BRDA:69,7,1,0
BRDA:70,8,0,0
BRDA:70,8,1,0
BRDA:71,9,0,0
BRDA:71,9,1,0
BRDA:75,10,0,0
BRDA:75,10,1,0
BRDA:103,11,0,0
BRDA:103,11,1,0
BRDA:108,12,0,0
BRDA:108,12,1,0
BRDA:113,13,0,0
BRDA:113,13,1,0
BRDA:131,14,0,0
BRDA:131,14,1,0
BRDA:136,15,0,0
BRDA:136,15,1,0
BRF:32
BRH:0
end_of_record
TN:
SF:routes/buddy.js
FN:17,(anonymous_0)
FN:48,(anonymous_1)
FN:54,(anonymous_2)
FN:154,(anonymous_3)
FN:155,(anonymous_4)
FN:156,(anonymous_5)
FN:168,(anonymous_6)
FN:192,(anonymous_7)
FN:243,(anonymous_8)
FN:252,(anonymous_9)
FN:379,(anonymous_10)
FN:444,(anonymous_11)
FN:520,(anonymous_12)
FN:597,(anonymous_13)
FN:622,(anonymous_14)
FN:676,(anonymous_15)
FN:709,(anonymous_16)
FN:774,(anonymous_17)
FNF:18
FNH:0
FNDA:0,(anonymous_0)
FNDA:0,(anonymous_1)
FNDA:0,(anonymous_2)
FNDA:0,(anonymous_3)
FNDA:0,(anonymous_4)
FNDA:0,(anonymous_5)
FNDA:0,(anonymous_6)
FNDA:0,(anonymous_7)
FNDA:0,(anonymous_8)
FNDA:0,(anonymous_9)
FNDA:0,(anonymous_10)
FNDA:0,(anonymous_11)
FNDA:0,(anonymous_12)
FNDA:0,(anonymous_13)
FNDA:0,(anonymous_14)
FNDA:0,(anonymous_15)
FNDA:0,(anonymous_16)
FNDA:0,(anonymous_17)
DA:7,0
DA:8,0
DA:9,0
DA:10,0
DA:17,0
DA:21,0
DA:23,0
DA:32,0
DA:48,0
DA:49,0
DA:50,0
DA:54,0
DA:55,0
DA:57,0
DA:59,0
DA:154,0
DA:155,0
DA:156,0
DA:157,0
DA:158,0
DA:168,0
DA:169,0
DA:170,0
DA:183,0
DA:184,0
DA:186,0
DA:187,0
DA:192,0
DA:193,0
DA:194,0
DA:197,0
DA:202,0
DA:203,0
DA:207,0
DA:224,0
DA:231,0
DA:232,0
DA:233,0
DA:235,0
DA:237,0
DA:238,0
DA:243,0
DA:244,0
DA:245,0
DA:247,0
DA:248,0
DA:252,0
DA:253,0
DA:267,0
DA:268,0
DA:271,0
DA:272,0
DA:273,0
DA:276,0
DA:277,0
DA:278,0
DA:280,0
DA:288,0
DA:291,0
DA:309,0
DA:316,0
DA:329,0
DA:336,0
DA:339,0
DA:355,0
DA:364,0
DA:373,0
DA:374,0
DA:379,0
DA:380,0
DA:381,0
DA:383,0
DA:400,0
DA:401,0
DA:407,0
DA:410,0
DA:425,0
DA:438,0
DA:439,0
DA:444,0
DA:445,0
DA:446,0
DA:447,0
DA:450,0
DA:457,0
DA:458,0
DA:464,0
DA:467,0
DA:478,0
DA:479,0
DA:482,0
DA:485,0
DA:494,0
DA:507,0
DA:514,0
DA:515,0
DA:520,0
DA:521,0
DA:522,0
DA:525,0
DA:539,0
DA:540,0
DA:543,0
DA:544,0
DA:546,0
DA:547,0
DA:548,0
DA:553,0
DA:555,0
DA:563,0
DA:566,0
DA:577,0
DA:580,0
DA:584,0
DA:591,0
DA:592,0
DA:597,0
DA:598,0
DA:599,0
DA:600,0
DA:602,0
DA:609,0
DA:612,0
DA:613,0
DA:622,0
DA:623,0
DA:624,0
DA:625,0
DA:628,0
DA:633,0
DA:634,0
DA:638,0
DA:654,0
DA:659,0
DA:670,0
DA:671,0
DA:676,0
DA:677,0
DA:678,0
DA:681,0
DA:697,0
DA:699,0
DA:700,0
DA:709,0
DA:710,0
DA:712,0
DA:720,0
DA:736,0
DA:742,0
DA:743,0
DA:747,0
DA:774,0
DA:775,0
DA:776,0
DA:777,0
DA:778,0
DA:779,0
DA:783,0
DA:790,0
DA:791,0
DA:793,0
DA:796,0
DA:803,0
DA:804,0
DA:812,0
DA:813,0
DA:822,0
DA:827,0
DA:829,0
DA:830,0
LF:170
LH:0
BRDA:21,0,0,0
BRDA:21,0,1,0
BRDA:36,1,0,0
BRDA:36,1,1,0
BRDA:37,2,0,0
BRDA:37,2,1,0
BRDA:57,3,0,0
BRDA:57,3,1,0
BRDA:60,4,0,0
BRDA:60,4,1,0
BRDA:90,5,0,0
BRDA:90,5,1,0
BRDA:91,6,0,0
BRDA:91,6,1,0
BRDA:134,7,0,0
BRDA:134,7,1,0
BRDA:134,8,0,0
BRDA:134,8,1,0
BRDA:154,9,0,0
BRDA:157,10,0,0
BRDA:157,10,1,0
BRDA:202,11,0,0
BRDA:202,11,1,0
BRDA:247,12,0,0
BRDA:247,12,1,0
BRDA:247,13,0,0
BRDA:247,13,1,0
BRDA:247,13,2,0
BRDA:267,14,0,0
BRDA:267,14,1,0
BRDA:281,15,0,0
BRDA:281,15,1,0
BRDA:400,16,0,0
BRDA:400,16,1,0
BRDA:422,17,0,0
BRDA:422,17,1,0
BRDA:457,18,0,0
BRDA:457,18,1,0
BRDA:478,19,0,0
BRDA:478,19,1,0
BRDA:539,20,0,0
BRDA:539,20,1,0
BRDA:556,21,0,0
BRDA:556,21,1,0
BRDA:607,22,0,0
BRDA:607,22,1,0
BRDA:625,23,0,0
BRDA:625,24,0,0
BRDA:633,25,0,0
BRDA:633,25,1,0
BRDA:778,26,0,0
BRDA:778,26,1,0
BRDA:778,27,0,0
BRDA:778,27,1,0
BRDA:790,28,0,0
BRDA:790,28,1,0
BRDA:790,29,0,0
BRDA:790,29,1,0
BRDA:803,30,0,0
BRDA:803,30,1,0
BRDA:812,31,0,0
BRDA:812,31,1,0
BRDA:812,32,0,0
BRDA:812,32,1,0
BRF:64
BRH:0
end_of_record
TN:
SF:routes/checkin.js
FN:55,(anonymous_0)
FN:56,(anonymous_1)
FN:57,(anonymous_2)
FN:68,(anonymous_3)
FN:77,(anonymous_4)
FN:211,(anonymous_5)
FN:230,(anonymous_6)
FN:299,(anonymous_7)
FN:357,(anonymous_8)
FN:425,(anonymous_9)
FN:426,(anonymous_10)
FN:450,(anonymous_11)
FN:508,(anonymous_12)
FN:536,(anonymous_13)
FN:549,(anonymous_14)
FN:616,(anonymous_15)
FN:624,(anonymous_16)
FN:636,(anonymous_17)
FN:643,(anonymous_18)
FN:663,(anonymous_19)
FN:669,(anonymous_20)
FN:670,(anonymous_21)
FN:671,(anonymous_22)
FN:672,(anonymous_23)
FN:694,(anonymous_24)
FN:760,(anonymous_25)
FN:868,(anonymous_26)
FN:981,(anonymous_27)
FN:1011,(anonymous_28)
FNF:29
FNH:0
FNDA:0,(anonymous_0)
FNDA:0,(anonymous_1)
FNDA:0,(anonymous_2)
FNDA:0,(anonymous_3)
FNDA:0,(anonymous_4)
FNDA:0,(anonymous_5)
FNDA:0,(anonymous_6)
FNDA:0,(anonymous_7)
FNDA:0,(anonymous_8)
FNDA:0,(anonymous_9)
FNDA:0,(anonymous_10)
FNDA:0,(anonymous_11)
FNDA:0,(anonymous_12)
FNDA:0,(anonymous_13)
FNDA:0,(anonymous_14)
FNDA:0,(anonymous_15)
FNDA:0,(anonymous_16)
FNDA:0,(anonymous_17)
FNDA:0,(anonymous_18)
FNDA:0,(anonymous_19)
FNDA:0,(anonymous_20)
FNDA:0,(anonymous_21)
FNDA:0,(anonymous_22)
FNDA:0,(anonymous_23)
FNDA:0,(anonymous_24)
FNDA:0,(anonymous_25)
FNDA:0,(anonymous_26)
FNDA:0,(anonymous_27)
FNDA:0,(anonymous_28)
DA:2,0
DA:3,0
DA:4,0
DA:5,0
DA:8,0
DA:13,0
DA:55,0
DA:56,0
DA:57,0
DA:58,0
DA:59,0
DA:61,0
DA:68,0
DA:69,0
DA:70,0
DA:77,0
DA:80,0
DA:85,0
DA:86,0
DA:89,0
DA:90,0
DA:93,0
DA:96,0
DA:97,0
DA:99,0
DA:103,0
DA:104,0
DA:106,0
DA:107,0
DA:109,0
DA:114,0
DA:116,0
DA:121,0
DA:126,0
DA:133,0
DA:140,0
DA:141,0
DA:154,0
DA:155,0
DA:168,0
DA:170,0
DA:175,0
DA:176,0
DA:179,0
DA:191,0
DA:199,0
DA:211,0
DA:212,0
DA:230,0
DA:231,0
DA:232,0
DA:235,0
DA:236,0
DA:243,0
DA:249,0
DA:250,0
DA:252,0
DA:254,0
DA:269,0
DA:271,0
DA:286,0
DA:290,0
DA:291,0
DA:299,0
DA:300,0
DA:302,0
DA:303,0
DA:304,0
DA:307,0
DA:308,0
DA:310,0
DA:313,0
DA:337,0
DA:338,0
DA:340,0
DA:348,0
DA:357,0
DA:358,0
DA:359,0
DA:362,0
DA:363,0
DA:370,0
DA:371,0
DA:374,0
DA:379,0
DA:380,0
DA:386,0
DA:387,0
DA:393,0
DA:396,0
DA:403,0
DA:422,0
DA:423,0
DA:425,0
DA:426,0
DA:428,0
DA:442,0
DA:450,0
DA:451,0
DA:453,0
DA:454,0
DA:456,0
DA:463,0
DA:490,0
DA:492,0
DA:499,0
DA:508,0
DA:509,0
DA:510,0
DA:512,0
DA:529,0
DA:531,0
DA:536,0
DA:540,0
DA:549,0
DA:550,0
DA:551,0
DA:552,0
DA:553,0
DA:554,0
DA:557,0
DA:560,0
DA:561,0
DA:562,0
DA:565,0
DA:595,0
DA:597,0
DA:598,0
DA:599,0
DA:601,0
DA:602,0
DA:605,0
DA:606,0
DA:608,0
DA:612,0
DA:613,0
DA:614,0
DA:616,0
DA:617,0
DA:621,0
DA:624,0
DA:635,0
DA:636,0
DA:637,0
DA:639,0
DA:643,0
DA:661,0
DA:662,0
DA:663,0
DA:667,0
DA:669,0
DA:670,0
DA:671,0
DA:672,0
DA:675,0
DA:684,0
DA:685,0
DA:694,0
DA:695,0
DA:696,0
DA:698,0
DA:699,0
DA:702,0
DA:703,0
DA:706,0
DA:707,0
DA:709,0
DA:714,0
DA:715,0
DA:716,0
DA:719,0
DA:720,0
DA:723,0
DA:729,0
DA:737,0
DA:738,0
DA:742,0
DA:750,0
DA:751,0
DA:760,0
DA:761,0
DA:762,0
DA:764,0
DA:765,0
DA:772,0
DA:777,0
DA:778,0
DA:784,0
DA:786,0
DA:787,0
DA:794,0
DA:796,0
DA:799,0
DA:805,0
DA:811,0
DA:813,0
DA:815,0
DA:824,0
DA:826,0
DA:829,0
DA:830,0
DA:835,0
DA:836,0
DA:848,0
DA:859,0
DA:860,0
DA:868,0
DA:869,0
DA:870,0
DA:871,0
DA:873,0
DA:874,0
DA:881,0
DA:886,0
DA:887,0
DA:893,0
DA:894,0
DA:896,0
DA:897,0
DA:898,0
DA:904,0
DA:905,0
DA:906,0
DA:909,0
DA:916,0
DA:917,0
DA:918,0
DA:924,0
DA:925,0
DA:928,0
DA:936,0
DA:937,0
DA:942,0
DA:959,0
DA:968,0
DA:981,0
DA:982,0
DA:983,0
DA:984,0
DA:986,0
DA:1008,0
DA:1011,0
DA:1016,0
DA:1024,0
DA:1025,0
DA:1033,0
LF:246
LH:0
BRDA:55,0,0,0
BRDA:58,1,0,0
BRDA:58,1,1,0
BRDA:85,2,0,0
BRDA:85,2,1,0
BRDA:89,3,0,0
BRDA:89,3,1,0
BRDA:114,4,0,0
BRDA:114,4,1,0
BRDA:130,5,0,0
BRDA:130,5,1,0
BRDA:161,6,0,0
BRDA:161,6,1,0
BRDA:161,7,0,0
BRDA:161,7,1,0
BRDA:175,8,0,0
BRDA:175,8,1,0
BRDA:175,9,0,0
BRDA:175,9,1,0
BRDA:235,10,0,0
BRDA:235,10,1,0
BRDA:235,11,0,0
BRDA:235,11,1,0
BRDA:246,12,0,0
BRDA:246,12,1,0
BRDA:252,13,0,0
BRDA:252,13,1,0
BRDA:269,14,0,0
BRDA:269,14,1,0
BRDA:286,15,0,0
BRDA:286,15,1,0
BRDA:308,16,0,0
BRDA:308,16,1,0
BRDA:308,17,0,0
BRDA:308,17,1,0
BRDA:310,18,0,0
BRDA:310,18,1,0
BRDA:362,19,0,0
BRDA:362,19,1,0
BRDA:370,20,0,0
BRDA:370,20,1,0
BRDA:370,21,0,0
BRDA:370,21,1,0
BRDA:370,21,2,0
BRDA:379,22,0,0
BRDA:379,22,1,0
BRDA:386,23,0,0
BRDA:386,23,1,0
BRDA:400,24,0,0
BRDA:400,24,1,0
BRDA:562,25,0,0
BRDA:562,25,1,0
BRDA:605,26,0,0
BRDA:605,26,1,0
BRDA:613,27,0,0
BRDA:613,27,1,0
BRDA:637,28,0,0
BRDA:637,28,1,0
BRDA:637,29,0,0
BRDA:637,29,1,0
BRDA:650,30,0,0
BRDA:650,30,1,0
BRDA:662,31,0,0
BRDA:662,31,1,0
BRDA:698,32,0,0
BRDA:698,32,1,0
BRDA:698,33,0,0
BRDA:698,33,1,0
BRDA:714,34,0,0
BRDA:714,34,1,0
BRDA:764,35,0,0
BRDA:764,35,1,0
BRDA:777,36,0,0
BRDA:777,36,1,0
BRDA:786,37,0,0
BRDA:786,37,1,0
BRDA:871,38,0,0
BRDA:871,38,1,0
BRDA:873,39,0,0
BRDA:873,39,1,0
BRDA:873,40,0,0
BRDA:873,40,1,0
BRDA:886,41,0,0
BRDA:886,41,1,0
BRDA:896,42,0,0
BRDA:896,42,1,0
BRDA:916,43,0,0
BRDA:916,43,1,0
BRDA:984,44,0,0
BRDA:984,44,1,0
BRDA:1013,45,0,0
BRDA:1013,45,1,0
BRF:92
BRH:0
end_of_record
TN:
SF:routes/courseRating.js
FN:6,(anonymous_0)
FN:19,(anonymous_1)
FN:20,(anonymous_2)
FN:60,(anonymous_3)
FN:61,(anonymous_4)
FN:68,(anonymous_5)
FN:94,(anonymous_6)
FN:107,(anonymous_7)
FN:108,(anonymous_8)
FN:140,(anonymous_9)
FN:141,(anonymous_10)
FN:160,(anonymous_11)
FN:161,(anonymous_12)
FN:180,(anonymous_13)
FN:181,(anonymous_14)
FN:202,(anonymous_15)
FN:225,(anonymous_16)
FN:226,(anonymous_17)
FN:247,(anonymous_18)
FN:262,(anonymous_19)
FN:263,(anonymous_20)
FN:281,(anonymous_21)
FN:282,(anonymous_22)
FNF:23
FNH:0
FNDA:0,(anonymous_0)
FNDA:0,(anonymous_1)
FNDA:0,(anonymous_2)
FNDA:0,(anonymous_3)
FNDA:0,(anonymous_4)
FNDA:0,(anonymous_5)
FNDA:0,(anonymous_6)
FNDA:0,(anonymous_7)
FNDA:0,(anonymous_8)
FNDA:0,(anonymous_9)
FNDA:0,(anonymous_10)
FNDA:0,(anonymous_11)
FNDA:0,(anonymous_12)
FNDA:0,(anonymous_13)
FNDA:0,(anonymous_14)
FNDA:0,(anonymous_15)
FNDA:0,(anonymous_16)
FNDA:0,(anonymous_17)
FNDA:0,(anonymous_18)
FNDA:0,(anonymous_19)
FNDA:0,(anonymous_20)
FNDA:0,(anonymous_21)
FNDA:0,(anonymous_22)
DA:1,0
DA:2,0
DA:3,0
DA:6,0
DA:7,0
DA:9,0
DA:10,0
DA:12,0
DA:13,0
DA:14,0
DA:15,0
DA:16,0
DA:18,0
DA:19,0
DA:20,0
DA:21,0
DA:22,0
DA:25,0
DA:26,0
DA:36,0
DA:60,0
DA:61,0
DA:62,0
DA:63,0
DA:68,0
DA:79,0
DA:85,0
DA:86,0
DA:94,0
DA:95,0
DA:97,0
DA:98,0
DA:100,0
DA:101,0
DA:102,0
DA:103,0
DA:104,0
DA:106,0
DA:107,0
DA:108,0
DA:109,0
DA:110,0
DA:113,0
DA:114,0
DA:122,0
DA:125,0
DA:126,0
DA:133,0
DA:140,0
DA:141,0
DA:142,0
DA:143,0
DA:147,0
DA:148,0
DA:155,0
DA:160,0
DA:161,0
DA:162,0
DA:163,0
DA:167,0
DA:168,0
DA:175,0
DA:180,0
DA:181,0
DA:182,0
DA:183,0
DA:187,0
DA:193,0
DA:194,0
DA:202,0
DA:203,0
DA:204,0
DA:225,0
DA:226,0
DA:227,0
DA:228,0
DA:232,0
DA:238,0
DA:239,0
DA:247,0
DA:248,0
DA:249,0
DA:262,0
DA:263,0
DA:264,0
DA:265,0
DA:269,0
DA:281,0
DA:282,0
DA:283,0
DA:284,0
DA:288,0
DA:295,0
DA:296,0
DA:303,0
LF:95
LH:0
BRDA:12,0,0,0
BRDA:12,0,1,0
BRDA:16,1,0,0
BRDA:16,1,1,0
BRDA:16,2,0,0
BRDA:16,2,1,0
BRDA:21,3,0,0
BRDA:21,3,1,0
BRDA:25,4,0,0
BRDA:25,4,1,0
BRDA:62,5,0,0
BRDA:62,5,1,0
BRDA:71,6,0,0
BRDA:71,6,1,0
BRDA:74,7,0,0
BRDA:74,7,1,0
BRDA:75,8,0,0
BRDA:75,8,1,0
BRDA:100,9,0,0
BRDA:100,9,1,0
BRDA:104,10,0,0
BRDA:104,10,1,0
BRDA:104,11,0,0
BRDA:104,11,1,0
BRDA:109,12,0,0
BRDA:109,12,1,0
BRDA:113,13,0,0
BRDA:113,13,1,0
BRDA:125,14,0,0
BRDA:125,14,1,0
BRDA:125,15,0,0
BRDA:125,15,1,0
BRDA:125,15,2,0
BRDA:125,15,3,0
BRDA:142,16,0,0
BRDA:142,16,1,0
BRDA:147,17,0,0
BRDA:147,17,1,0
BRDA:162,18,0,0
BRDA:162,18,1,0
BRDA:167,19,0,0
BRDA:167,19,1,0
BRDA:181,20,0,0
BRDA:181,20,1,0
BRDA:182,21,0,0
BRDA:182,21,1,0
BRDA:227,22,0,0
BRDA:227,22,1,0
BRDA:264,23,0,0
BRDA:264,23,1,0
BRDA:283,24,0,0
BRDA:283,24,1,0
BRF:52
BRH:0
end_of_record
TN:
SF:routes/dashboard.js
FN:7,(anonymous_0)
FN:41,getDashboardStats
FN:70,(anonymous_2)
FN:71,(anonymous_3)
FN:72,(anonymous_4)
FN:73,(anonymous_5)
FN:74,(anonymous_6)
FN:76,(anonymous_7)
FN:77,(anonymous_8)
FN:78,(anonymous_9)
FN:79,(anonymous_10)
FN:80,(anonymous_11)
FN:81,(anonymous_12)
FN:82,(anonymous_13)
FN:105,getRecentActivities
FN:111,getTarife
FN:121,getZahlungszyklen
FN:132,(anonymous_17)
FN:319,(anonymous_18)
FN:347,(anonymous_19)
FN:377,(anonymous_20)
FN:409,(anonymous_21)
FN:443,(anonymous_22)
FN:462,(anonymous_23)
FN:499,(anonymous_24)
FN:559,(anonymous_25)
FN:570,(anonymous_26)
FNF:27
FNH:0
FNDA:0,(anonymous_0)
FNDA:0,getDashboardStats
FNDA:0,(anonymous_2)
FNDA:0,(anonymous_3)
FNDA:0,(anonymous_4)
FNDA:0,(anonymous_5)
FNDA:0,(anonymous_6)
FNDA:0,(anonymous_7)
FNDA:0,(anonymous_8)
FNDA:0,(anonymous_9)
FNDA:0,(anonymous_10)
FNDA:0,(anonymous_11)
FNDA:0,(anonymous_12)
FNDA:0,(anonymous_13)
FNDA:0,getRecentActivities
FNDA:0,getTarife
FNDA:0,getZahlungszyklen
FNDA:0,(anonymous_17)
FNDA:0,(anonymous_18)
FNDA:0,(anonymous_19)
FNDA:0,(anonymous_20)
FNDA:0,(anonymous_21)
FNDA:0,(anonymous_22)
FNDA:0,(anonymous_23)
FNDA:0,(anonymous_24)
FNDA:0,(anonymous_25)
FNDA:0,(anonymous_26)
DA:2,0
DA:3,0
DA:4,0
DA:7,0
DA:8,0
DA:9,0
DA:12,0
DA:13,0
DA:14,0
DA:17,0
DA:19,0
DA:26,0
DA:27,0
DA:35,0
DA:36,0
DA:43,0
DA:59,0
DA:61,0
DA:62,0
DA:66,0
DA:67,0
DA:69,0
DA:70,0
DA:71,0
DA:72,0
DA:73,0
DA:74,0
DA:76,0
DA:77,0
DA:78,0
DA:79,0
DA:80,0
DA:81,0
DA:82,0
DA:85,0
DA:86,0
DA:87,0
DA:88,0
DA:89,0
DA:90,0
DA:91,0
DA:92,0
DA:93,0
DA:94,0
DA:95,0
DA:96,0
DA:97,0
DA:99,0
DA:102,0
DA:108,0
DA:112,0
DA:113,0
DA:114,0
DA:116,0
DA:117,0
DA:122,0
DA:123,0
DA:124,0
DA:126,0
DA:127,0
DA:132,0
DA:133,0
DA:134,0
DA:135,0
DA:138,0
DA:140,0
DA:151,0
DA:152,0
DA:154,0
DA:155,0
DA:158,0
DA:159,0
DA:161,0
DA:164,0
DA:165,0
DA:168,0
DA:169,0
DA:171,0
DA:175,0
DA:179,0
DA:180,0
DA:182,0
DA:183,0
DA:186,0
DA:187,0
DA:189,0
DA:192,0
DA:196,0
DA:197,0
DA:199,0
DA:200,0
DA:203,0
DA:204,0
DA:206,0
DA:209,0
DA:213,0
DA:214,0
DA:216,0
DA:217,0
DA:220,0
DA:221,0
DA:223,0
DA:225,0
DA:226,0
DA:229,0
DA:230,0
DA:232,0
DA:236,0
DA:240,0
DA:241,0
DA:243,0
DA:244,0
DA:247,0
DA:248,0
DA:250,0
DA:252,0
DA:253,0
DA:256,0
DA:257,0
DA:259,0
DA:263,0
DA:267,0
DA:268,0
DA:270,0
DA:272,0
DA:273,0
DA:276,0
DA:277,0
DA:279,0
DA:282,0
DA:283,0
DA:286,0
DA:287,0
DA:289,0
DA:290,0
DA:294,0
DA:298,0
DA:299,0
DA:301,0
DA:302,0
DA:305,0
DA:306,0
DA:308,0
DA:309,0
DA:312,0
DA:316,0
DA:317,0
DA:318,0
DA:319,0
DA:321,0
DA:324,0
DA:325,0
DA:328,0
DA:331,0
DA:341,0
DA:342,0
DA:347,0
DA:348,0
DA:349,0
DA:350,0
DA:352,0
DA:355,0
DA:358,0
DA:359,0
DA:377,0
DA:378,0
DA:379,0
DA:391,0
DA:393,0
DA:397,0
DA:398,0
DA:409,0
DA:410,0
DA:422,0
DA:424,0
DA:428,0
DA:429,0
DA:443,0
DA:444,0
DA:456,0
DA:458,0
DA:462,0
DA:464,0
DA:466,0
DA:473,0
DA:476,0
DA:489,0
DA:499,0
DA:500,0
DA:501,0
DA:502,0
DA:505,0
DA:508,0
DA:525,0
DA:531,0
DA:533,0
DA:541,0
DA:544,0
DA:559,0
DA:560,0
DA:562,0
DA:570,0
DA:571,0
DA:573,0
DA:579,0
LF:205
LH:0
BRDA:12,0,0,0
BRDA:12,0,1,0
BRDA:12,1,0,0
BRDA:12,1,1,0
BRDA:17,2,0,0
BRDA:17,2,1,0
BRDA:26,3,0,0
BRDA:26,3,1,0
BRDA:61,4,0,0
BRDA:61,4,1,0
BRDA:61,5,0,0
BRDA:61,5,1,0
BRDA:62,6,0,0
BRDA:62,6,1,0
BRDA:62,7,0,0
BRDA:62,7,1,0
BRDA:85,8,0,0
BRDA:85,8,1,0
BRDA:86,9,0,0
BRDA:86,9,1,0
BRDA:87,10,0,0
BRDA:87,10,1,0
BRDA:88,11,0,0
BRDA:88,11,1,0
BRDA:90,12,0,0
BRDA:90,12,1,0
BRDA:91,13,0,0
BRDA:91,13,1,0
BRDA:92,14,0,0
BRDA:92,14,1,0
BRDA:93,15,0,0
BRDA:93,15,1,0
BRDA:94,16,0,0
BRDA:94,16,1,0
BRDA:95,17,0,0
BRDA:95,17,1,0
BRDA:96,18,0,0
BRDA:96,18,1,0
BRDA:97,19,0,0
BRDA:97,19,1,0
BRDA:135,20,0,0
BRDA:135,20,1,0
BRDA:138,21,0,0
BRDA:138,21,1,0
BRDA:138,22,0,0
BRDA:138,22,1,0
BRDA:158,23,0,0
BRDA:158,23,1,0
BRDA:159,24,0,0
BRDA:159,24,1,0
BRDA:169,25,0,0
BRDA:169,25,1,0
BRDA:186,26,0,0
BRDA:186,26,1,0
BRDA:187,27,0,0
BRDA:187,27,1,0
BRDA:203,28,0,0
BRDA:203,28,1,0
BRDA:204,29,0,0
BRDA:204,29,1,0
BRDA:220,30,0,0
BRDA:220,30,1,0
BRDA:221,31,0,0
BRDA:221,31,1,0
BRDA:230,32,0,0
BRDA:230,32,1,0
BRDA:247,33,0,0
BRDA:247,33,1,0
BRDA:248,34,0,0
BRDA:248,34,1,0
BRDA:257,35,0,0
BRDA:257,35,1,0
BRDA:272,36,0,0
BRDA:272,36,1,0
BRDA:272,37,0,0
BRDA:272,37,1,0
BRDA:276,38,0,0
BRDA:276,38,1,0
BRDA:277,39,0,0
BRDA:277,39,1,0
BRDA:287,40,0,0
BRDA:287,40,1,0
BRDA:306,41,0,0
BRDA:306,41,1,0
BRDA:350,42,0,0
BRDA:350,42,1,0
BRDA:355,43,0,0
BRDA:355,43,1,0
BRDA:355,44,0,0
BRDA:355,44,1,0
BRDA:381,45,0,0
BRDA:381,45,1,0
BRDA:384,46,0,0
BRDA:384,46,1,0
BRDA:384,47,0,0
BRDA:384,47,1,0
BRDA:384,48,0,0
BRDA:384,48,1,0
BRDA:385,49,0,0
BRDA:385,49,1,0
BRDA:386,50,0,0
BRDA:386,50,1,0
BRDA:422,51,0,0
BRDA:422,51,1,0
BRDA:502,52,0,0
BRDA:502,52,1,0
BRDA:505,53,0,0
BRDA:505,53,1,0
BRDA:505,54,0,0
BRDA:505,54,1,0
BRF:110
BRH:0
end_of_record
TN:
SF:routes/dojo-banken.js
FN:7,(anonymous_0)
FN:8,(anonymous_1)
FN:9,(anonymous_2)
FN:20,(anonymous_3)
FN:78,(anonymous_4)
FN:96,(anonymous_5)
FN:117,(anonymous_6)
FN:188,(anonymous_7)
FN:268,(anonymous_8)
FN:293,(anonymous_9)
FN:319,(anonymous_10)
FN:364,(anonymous_11)
FNF:12
FNH:0
FNDA:0,(anonymous_0)
FNDA:0,(anonymous_1)
FNDA:0,(anonymous_2)
FNDA:0,(anonymous_3)
FNDA:0,(anonymous_4)
FNDA:0,(anonymous_5)
FNDA:0,(anonymous_6)
FNDA:0,(anonymous_7)
FNDA:0,(anonymous_8)
FNDA:0,(anonymous_9)
FNDA:0,(anonymous_10)
FNDA:0,(anonymous_11)
DA:2,0
DA:3,0
DA:4,0
DA:7,0
DA:8,0
DA:9,0
DA:10,0
DA:11,0
DA:13,0
DA:20,0
DA:21,0
DA:22,0
DA:29,0
DA:30,0
DA:70,0
DA:75,0
DA:78,0
DA:79,0
DA:80,0
DA:82,0
DA:88,0
DA:90,0
DA:91,0
DA:96,0
DA:97,0
DA:98,0
DA:100,0
DA:105,0
DA:106,0
DA:109,0
DA:111,0
DA:112,0
DA:117,0
DA:118,0
DA:119,0
DA:120,0
DA:123,0
DA:124,0
DA:128,0
DA:129,0
DA:137,0
DA:143,0
DA:145,0
DA:176,0
DA:180,0
DA:182,0
DA:183,0
DA:188,0
DA:189,0
DA:190,0
DA:191,0
DA:194,0
DA:198,0
DA:199,0
DA:203,0
DA:204,0
DA:211,0
DA:256,0
DA:260,0
DA:262,0
DA:263,0
DA:268,0
DA:269,0
DA:270,0
DA:273,0
DA:277,0
DA:278,0
DA:281,0
DA:285,0
DA:287,0
DA:288,0
DA:293,0
DA:294,0
DA:295,0
DA:296,0
DA:298,0
DA:299,0
DA:303,0
DA:304,0
DA:311,0
DA:313,0
DA:314,0
DA:319,0
DA:320,0
DA:321,0
DA:324,0
DA:328,0
DA:329,0
DA:333,0
DA:348,0
DA:349,0
DA:356,0
DA:358,0
DA:359,0
DA:364,0
DA:365,0
DA:366,0
DA:369,0
DA:412,0
DA:415,0
DA:438,0
DA:441,0
DA:457,0
DA:465,0
DA:466,0
DA:474,0
LF:106
LH:0
BRDA:7,0,0,0
BRDA:10,1,0,0
BRDA:10,1,1,0
BRDA:29,2,0,0
BRDA:29,2,1,0
BRDA:105,3,0,0
BRDA:105,3,1,0
BRDA:123,4,0,0
BRDA:123,4,1,0
BRDA:128,5,0,0
BRDA:128,5,1,0
BRDA:156,6,0,0
BRDA:156,6,1,0
BRDA:157,7,0,0
BRDA:157,7,1,0
BRDA:158,8,0,0
BRDA:158,8,1,0
BRDA:159,9,0,0
BRDA:159,9,1,0
BRDA:160,10,0,0
BRDA:160,10,1,0
BRDA:161,11,0,0
BRDA:161,11,1,0
BRDA:162,12,0,0
BRDA:162,12,1,0
BRDA:163,13,0,0
BRDA:163,13,1,0
BRDA:164,14,0,0
BRDA:164,14,1,0
BRDA:165,15,0,0
BRDA:165,15,1,0
BRDA:166,16,0,0
BRDA:166,16,1,0
BRDA:167,17,0,0
BRDA:167,17,1,0
BRDA:168,18,0,0
BRDA:168,18,1,0
BRDA:169,19,0,0
BRDA:169,19,1,0
BRDA:170,20,0,0
BRDA:170,20,1,0
BRDA:171,21,0,0
BRDA:171,21,1,0
BRDA:172,22,0,0
BRDA:172,22,1,0
BRDA:198,23,0,0
BRDA:198,23,1,0
BRDA:203,24,0,0
BRDA:203,24,1,0
BRDA:235,25,0,0
BRDA:235,25,1,0
BRDA:236,26,0,0
BRDA:236,26,1,0
BRDA:237,27,0,0
BRDA:237,27,1,0
BRDA:238,28,0,0
BRDA:238,28,1,0
BRDA:239,29,0,0
BRDA:239,29,1,0
BRDA:240,30,0,0
BRDA:240,30,1,0
BRDA:241,31,0,0
[...]
BRDA:320,43,0,0
BRDA:320,43,1,0
BRDA:321,44,0,0
BRDA:321,44,1,0
BRDA:322,45,0,0
BRDA:322,45,1,0
BRDA:323,46,0,0
BRDA:323,46,1,0
BRDA:324,47,0,0
BRDA:324,47,1,0
BRDA:327,48,0,0
BRDA:327,48,1,0
BRDA:328,49,0,0
BRDA:328,49,1,0
BRDA:329,50,0,0
BRDA:329,50,1,0
BRDA:330,51,0,0
BRDA:330,51,1,0
BRDA:331,52,0,0
BRDA:331,52,1,0
BRDA:332,53,0,0
BRDA:332,53,1,0
BRDA:333,54,0,0
BRDA:333,54,1,0
BRDA:336,55,0,0
BRDA:336,55,1,0
BRDA:337,56,0,0
BRDA:337,56,1,0
BRDA:338,57,0,0
BRDA:338,57,1,0
BRDA:339,58,0,0
BRDA:339,58,1,0
BRDA:340,59,0,0
BRDA:340,59,1,0
BRDA:341,60,0,0
BRDA:341,60,1,0
BRDA:342,61,0,0
BRDA:342,61,1,0
BRDA:343,62,0,0
BRDA:343,62,1,0
BRDA:405,63,0,0
BRDA:405,63,1,0
BRDA:409,64,0,0
BRDA:409,64,1,0
BRDA:441,65,0,0
BRDA:441,65,1,0
BRDA:446,66,0,0
BRDA:446,66,1,0
BRDA:514,67,0,0
BRDA:514,67,1,0
BRDA:538,68,0,0
BRDA:538,68,1,0
BRDA:544,69,0,0
BRDA:544,69,1,0
BRDA:551,70,0,0
BRDA:551,70,1,0
BRDA:558,71,0,0
BRDA:558,71,1,0
BRDA:562,72,0,0
BRDA:562,72,1,0
BRDA:564,73,0,0
BRDA:564,73,1,0
BRDA:573,74,0,0
BRDA:573,74,1,0
BRDA:581,75,0,0
BRDA:581,75,1,0
BRDA:582,76,0,0
BRDA:582,76,1,0
BRDA:583,77,0,0
BRDA:583,77,1,0
BRDA:584,78,0,0
BRDA:584,78,1,0
BRDA:585,79,0,0
BRDA:585,79,1,0
BRDA:586,80,0,0
BRDA:586,80,1,0
BRDA:587,81,0,0
BRDA:587,81,1,0
BRDA:588,82,0,0
BRDA:588,82,1,0
BRDA:589,83,0,0
BRDA:589,83,1,0
BRDA:590,84,0,0
BRDA:590,84,1,0
BRDA:592,85,0,0
BRDA:592,85,1,0
BRDA:593,86,0,0
BRDA:593,86,1,0
BRDA:594,87,0,0
BRDA:594,87,1,0
BRDA:595,88,0,0
BRDA:595,88,1,0
BRDA:596,89,0,0
BRDA:596,89,1,0
BRDA:597,90,0,0
BRDA:597,90,1,0
BRDA:598,91,0,0
BRDA:598,91,1,0
BRDA:599,92,0,0
BRDA:599,92,1,0
BRDA:610,93,0,0
BRDA:610,93,1,0
BRDA:611,94,0,0
BRDA:611,94,1,0
BRDA:612,95,0,0
BRDA:612,95,1,0
BRDA:613,96,0,0
BRDA:613,96,1,0
BRDA:614,97,0,0
BRDA:614,97,1,0
BRDA:615,98,0,0
BRDA:615,98,1,0
BRDA:616,99,0,0
BRDA:616,99,1,0
BRDA:617,100,0,0
BRDA:617,100,1,0
BRDA:633,101,0,0
BRDA:633,101,1,0
BRDA:693,102,0,0
BRDA:693,102,1,0
BRDA:745,103,0,0
BRDA:745,103,1,0
BRDA:752,104,0,0
BRDA:752,104,1,0
BRDA:753,105,0,0
BRDA:753,105,1,0
BRDA:810,106,0,0
BRDA:810,106,1,0
BRDA:819,107,0,0
BRDA:819,107,1,0
BRDA:827,108,0,0
BRDA:827,108,1,0
BRF:218
BRH:0
end_of_record
TN:
SF:routes/zahllaeufe.js
FN:9,(anonymous_0)
FN:32,(anonymous_1)
FN:61,(anonymous_2)
FN:73,(anonymous_3)
FN:99,(anonymous_4)
FN:148,(anonymous_5)
FN:169,(anonymous_6)
FN:198,(anonymous_7)
FN:224,(anonymous_8)
FN:229,(anonymous_9)
FN:255,(anonymous_10)
FN:266,(anonymous_11)
FNF:12
FNH:0
FNDA:0,(anonymous_0)
FNDA:0,(anonymous_1)
FNDA:0,(anonymous_2)
FNDA:0,(anonymous_3)
FNDA:0,(anonymous_4)
FNDA:0,(anonymous_5)
FNDA:0,(anonymous_6)
FNDA:0,(anonymous_7)
FNDA:0,(anonymous_8)
FNDA:0,(anonymous_9)
FNDA:0,(anonymous_10)
FNDA:0,(anonymous_11)
DA:1,0
DA:2,0
DA:3,0
DA:9,0
DA:10,0
DA:32,0
DA:33,0
DA:35,0
DA:36,0
DA:42,0
DA:43,0
DA:49,0
DA:61,0
DA:62,0
DA:64,0
DA:73,0
DA:74,0
DA:75,0
DA:76,0
DA:82,0
DA:83,0
DA:88,0
DA:99,0
DA:111,0
DA:113,0
DA:114,0
DA:119,0
DA:135,0
DA:148,0
DA:149,0
DA:150,0
DA:151,0
DA:157,0
DA:169,0
DA:170,0
DA:176,0
DA:178,0
DA:189,0
DA:198,0
DA:199,0
DA:200,0
DA:201,0
DA:207,0
DA:208,0
DA:213,0
DA:224,0
DA:225,0
DA:227,0
DA:229,0
DA:230,0
DA:231,0
DA:232,0
DA:238,0
DA:239,0
DA:244,0
DA:255,0
DA:256,0
DA:266,0
DA:267,0
DA:268,0
DA:269,0
DA:275,0
DA:282,0
LF:63
LH:0
BRDA:33,0,0,0
BRDA:33,0,1,0
BRDA:35,1,0,0
BRDA:35,1,1,0
BRDA:74,2,0,0
BRDA:74,2,1,0
BRDA:82,3,0,0
BRDA:82,3,1,0
BRDA:113,4,0,0
BRDA:113,4,1,0
BRDA:113,5,0,0
BRDA:113,5,1,0
BRDA:113,5,2,0
BRDA:139,6,0,0
BRDA:139,6,1,0
BRDA:149,7,0,0
BRDA:149,7,1,0
BRDA:199,8,0,0
BRDA:199,8,1,0
BRDA:207,9,0,0
BRDA:207,9,1,0
BRDA:230,10,0,0
BRDA:230,10,1,0
BRDA:238,11,0,0
BRDA:238,11,1,0
BRDA:267,12,0,0
BRDA:267,12,1,0
BRF:27
BRH:0
end_of_record
TN:
SF:routes/zahlungszyklen.js
FN:7,(anonymous_0)
FN:8,(anonymous_1)
FN:9,(anonymous_2)
FN:20,(anonymous_3)
FN:52,(anonymous_4)
FN:66,(anonymous_5)
FN:90,(anonymous_6)
FN:107,(anonymous_7)
FNF:8
FNH:0
FNDA:0,(anonymous_0)
FNDA:0,(anonymous_1)
FNDA:0,(anonymous_2)
FNDA:0,(anonymous_3)
FNDA:0,(anonymous_4)
FNDA:0,(anonymous_5)
FNDA:0,(anonymous_6)
FNDA:0,(anonymous_7)
DA:2,0
DA:3,0
DA:4,0
DA:7,0
DA:8,0
DA:9,0
DA:10,0
DA:11,0
DA:13,0
DA:20,0
DA:21,0
DA:23,0
DA:25,0
DA:26,0
DA:36,0
DA:37,0
DA:44,0
DA:49,0
DA:52,0
DA:53,0
DA:54,0
DA:58,0
DA:60,0
DA:61,0
DA:66,0
DA:67,0
DA:68,0
DA:69,0
DA:73,0
DA:84,0
DA:85,0
DA:90,0
DA:91,0
DA:92,0
DA:93,0
DA:94,0
DA:99,0
DA:101,0
DA:102,0
DA:107,0
DA:108,0
DA:109,0
DA:111,0
DA:115,0
DA:116,0
DA:122,0
DA:123,0
DA:125,0
DA:126,0
DA:130,0
LF:50
LH:0
BRDA:7,0,0,0
BRDA:10,1,0,0
BRDA:10,1,1,0
BRDA:25,2,0,0
BRDA:25,2,1,0
BRDA:72,3,0,0
BRDA:72,3,1,0
BRDA:72,4,0,0
BRDA:72,4,1,0
BRDA:79,5,0,0
BRDA:79,5,1,0
BRDA:80,6,0,0
BRDA:80,6,1,0
BRDA:98,7,0,0
BRDA:98,7,1,0
BRDA:115,8,0,0
BRDA:115,8,1,0
BRF:17
BRH:0
end_of_record
TN:
SF:routes/zehnerkarten.js
FN:9,(anonymous_0)
FN:61,(anonymous_1)
FN:124,(anonymous_2)
FN:158,(anonymous_3)
FN:281,(anonymous_4)
FN:309,(anonymous_5)
FN:521,generateRechnungsnummer
FN:552,(anonymous_7)
FNF:8
FNH:0
FNDA:0,(anonymous_0)
FNDA:0,(anonymous_1)
FNDA:0,(anonymous_2)
FNDA:0,(anonymous_3)
FNDA:0,(anonymous_4)
FNDA:0,(anonymous_5)
FNDA:0,generateRechnungsnummer
FNDA:0,(anonymous_7)
DA:1,0
DA:2,0
DA:3,0
DA:9,0
DA:10,0
DA:11,0
DA:13,0
DA:24,0
DA:27,0
DA:28,0
DA:31,0
DA:32,0
DA:36,0
DA:37,0
DA:41,0
DA:42,0
DA:46,0
DA:50,0
DA:52,0
DA:53,0
DA:61,0
DA:62,0
DA:63,0
DA:64,0
DA:67,0
DA:69,0
DA:70,0
DA:73,0
DA:76,0
DA:77,0
DA:78,0
DA:81,0
DA:94,0
DA:105,0
DA:113,0
DA:115,0
DA:116,0
DA:124,0
DA:125,0
DA:126,0
DA:128,0
DA:141,0
DA:143,0
DA:144,0
DA:147,0
DA:149,0
DA:150,0
DA:158,0
DA:159,0
DA:161,0
DA:162,0
DA:164,0
DA:165,0
DA:168,0
DA:173,0
DA:174,0
DA:175,0
DA:178,0
DA:181,0
DA:182,0
DA:183,0
DA:189,0
DA:190,0
DA:191,0
DA:197,0
DA:198,0
DA:199,0
DA:206,0
DA:207,0
DA:212,0
DA:213,0
DA:214,0
DA:221,0
DA:229,0
DA:230,0
DA:233,0
DA:234,0
DA:237,0
DA:242,0
DA:245,0
DA:253,0
DA:260,0
DA:261,0
DA:264,0
DA:265,0
DA:271,0
DA:273,0
DA:281,0
DA:282,0
DA:283,0
DA:285,0
DA:296,0
DA:298,0
DA:300,0
DA:301,0
DA:309,0
DA:310,0
DA:312,0
DA:313,0
DA:320,0
DA:323,0
DA:324,0
DA:325,0
DA:331,0
DA:332,0
DA:333,0
DA:340,0
DA:345,0
DA:346,0
DA:347,0
DA:350,0
DA:353,0
DA:355,0
DA:356,0
DA:357,0
DA:360,0
DA:363,0
DA:364,0
DA:365,0
DA:368,0
DA:390,0
DA:393,0
DA:395,0
DA:397,0
DA:401,0
DA:403,0
DA:404,0
DA:411,0
DA:412,0
DA:414,0
DA:416,0
DA:435,0
DA:436,0
DA:438,0
DA:440,0
DA:462,0
DA:465,0
DA:484,0
DA:491,0
DA:494,0
DA:502,0
DA:510,0
DA:511,0
DA:512,0
DA:514,0
DA:522,0
DA:523,0
DA:524,0
DA:525,0
DA:528,0
DA:531,0
DA:539,0
DA:540,0
DA:541,0
DA:542,0
DA:545,0
DA:552,0
DA:553,0
DA:554,0
DA:557,0
DA:562,0
DA:563,0
DA:569,0
DA:571,0
DA:573,0
DA:574,0
DA:578,0
LF:167
LH:0
BRDA:31,0,0,0
BRDA:31,0,1,0
BRDA:31,1,0,0
BRDA:31,1,1,0
BRDA:36,2,0,0
BRDA:36,2,1,0
BRDA:36,3,0,0
BRDA:36,3,1,0
BRDA:41,4,0,0
BRDA:41,4,1,0
BRDA:64,5,0,0
BRDA:69,6,0,0
BRDA:69,6,1,0
BRDA:76,7,0,0
BRDA:76,7,1,0
BRDA:78,8,0,0
BRDA:78,8,1,0
BRDA:143,9,0,0
BRDA:143,9,1,0
BRDA:165,10,0,0
BRDA:165,11,0,0
BRDA:173,12,0,0
BRDA:173,12,1,0
BRDA:181,13,0,0
BRDA:181,13,1,0
BRDA:189,14,0,0
BRDA:189,14,1,0
BRDA:197,15,0,0
BRDA:197,15,1,0
BRDA:212,16,0,0
BRDA:212,16,1,0
BRDA:233,17,0,0
BRDA:233,17,1,0
BRDA:264,18,0,0
BRDA:264,18,1,0
BRDA:319,19,0,0
BRDA:323,20,0,0
BRDA:323,20,1,0
BRDA:323,21,0,0
BRDA:323,21,1,0
BRDA:323,21,2,0
BRDA:331,22,0,0
BRDA:331,22,1,0
BRDA:345,23,0,0
BRDA:345,23,1,0
BRDA:355,24,0,0
BRDA:355,24,1,0
BRDA:365,25,0,0
BRDA:365,25,1,0
BRDA:395,26,0,0
BRDA:395,26,1,0
BRDA:412,27,0,0
BRDA:412,27,1,0
BRDA:436,28,0,0
BRDA:436,28,1,0
BRDA:540,29,0,0
BRDA:540,29,1,0
BRDA:562,30,0,0
BRDA:562,30,1,0
BRF:59
BRH:0
end_of_record
TN:
SF:utils/invoicePdfTemplate.js
FN:6,generateInvoiceHTML
FN:8,(anonymous_1)
FN:9,(anonymous_2)
FN:16,(anonymous_3)
FN:24,(anonymous_4)
FN:28,(anonymous_5)
FN:32,(anonymous_6)
FN:36,(anonymous_7)
FN:303,(anonymous_8)
FNF:9
FNH:0
FNDA:0,generateInvoiceHTML
FNDA:0,(anonymous_1)
FNDA:0,(anonymous_2)
FNDA:0,(anonymous_3)
FNDA:0,(anonymous_4)
FNDA:0,(anonymous_5)
FNDA:0,(anonymous_6)
FNDA:0,(anonymous_7)
FNDA:0,(anonymous_8)
DA:6,0
DA:8,0
DA:9,0
DA:10,0
DA:11,0
DA:12,0
DA:16,0
DA:17,0
DA:18,0
DA:19,0
DA:21,0
DA:24,0
DA:25,0
DA:28,0
DA:29,0
DA:32,0
DA:33,0
DA:36,0
DA:37,0
DA:38,0
DA:40,0
DA:43,0
DA:44,0
DA:45,0
DA:46,0
DA:47,0
DA:49,0
DA:304,0
DA:305,0
DA:306,0
DA:308,0
LF:31
LH:0
BRDA:11,0,0,0
BRDA:11,0,1,0
BRDA:17,1,0,0
BRDA:17,1,1,0
BRDA:18,2,0,0
BRDA:18,2,1,0
BRDA:37,3,0,0
BRDA:37,3,1,0
BRDA:43,4,0,0
BRDA:43,4,1,0
BRDA:44,5,0,0
BRDA:44,5,1,0
BRDA:261,6,0,0
BRDA:261,6,1,0
BRDA:261,7,0,0
BRDA:261,7,1,0
BRDA:261,8,0,0
BRDA:261,8,1,0
BRDA:261,9,0,0
BRDA:261,9,1,0
BRDA:261,10,0,0
BRDA:261,10,1,0
BRDA:265,11,0,0
BRDA:265,11,1,0
BRDA:266,12,0,0
BRDA:266,12,1,0
BRDA:266,13,0,0
BRDA:266,13,1,0
BRDA:267,14,0,0
BRDA:267,14,1,0
BRDA:267,15,0,0
BRDA:267,15,1,0
BRDA:273,16,0,0
BRDA:273,16,1,0
BRDA:274,17,0,0
BRDA:274,17,1,0
BRDA:305,18,0,0
BRDA:305,18,1,0
BRDA:311,19,0,0
BRDA:311,19,1,0
BRDA:312,20,0,0
BRDA:312,20,1,0
BRDA:313,21,0,0
BRDA:313,21,1,0
BRDA:315,22,0,0
BRDA:315,22,1,0
BRDA:316,23,0,0
BRDA:316,23,1,0
BRDA:316,24,0,0
BRDA:316,24,1,0
BRDA:317,25,0,0
BRDA:317,25,1,0
BRDA:331,26,0,0
BRDA:331,26,1,0
BRDA:333,27,0,0
BRDA:333,27,1,0
BRDA:355,28,0,0
BRDA:355,28,1,0
BRDA:365,29,0,0
BRDA:365,29,1,0
BRDA:365,30,0,0
BRDA:365,30,1,0
BRDA:367,31,0,0
BRDA:367,31,1,0
BRDA:367,32,0,0
BRDA:367,32,1,0
BRDA:377,33,0,0
BRDA:377,33,1,0
BRDA:377,34,0,0
BRDA:377,34,1,0
BRDA:379,35,0,0
BRDA:379,35,1,0
BRDA:380,36,0,0
BRDA:380,36,1,0
BRDA:383,37,0,0
BRDA:383,37,1,0
BRDA:396,38,0,0
BRDA:396,38,1,0
BRDA:396,39,0,0
BRDA:396,39,1,0
BRDA:397,40,0,0
BRDA:397,40,1,0
BRDA:397,41,0,0
BRDA:397,41,1,0
BRDA:402,42,0,0
BRDA:402,42,1,0
BRDA:402,43,0,0
BRDA:402,43,1,0
BRDA:402,43,2,0
BRF:89
BRH:0
end_of_record
TN:
SF:utils/logger.js
FN:56,formatTimestamp
FN:63,formatConsoleMessage
FN:74,formatFileMessage
FN:87,writeToFile
FN:104,log
FN:139,(anonymous_5)
FN:140,(anonymous_6)
FN:141,(anonymous_7)
FN:142,(anonymous_8)
FN:143,(anonymous_9)
FN:146,(anonymous_10)
FN:147,(anonymous_11)
FN:148,(anonymous_12)
FN:149,(anonymous_13)
FN:150,(anonymous_14)
FN:151,(anonymous_15)
FN:154,(anonymous_16)
FN:160,(anonymous_17)
FNF:18
FNH:5
FNDA:0,formatTimestamp
FNDA:0,formatConsoleMessage
FNDA:0,formatFileMessage
FNDA:0,writeToFile
FNDA:6,log
FNDA:2,(anonymous_5)
FNDA:1,(anonymous_6)
FNDA:2,(anonymous_7)
FNDA:0,(anonymous_8)
FNDA:0,(anonymous_9)
FNDA:0,(anonymous_10)
FNDA:0,(anonymous_11)
FNDA:0,(anonymous_12)
FNDA:0,(anonymous_13)
FNDA:0,(anonymous_14)
FNDA:1,(anonymous_15)
FNDA:0,(anonymous_16)
FNDA:0,(anonymous_17)
DA:13,2
DA:14,2
DA:17,2
DA:18,2
DA:19,0
DA:23,2
DA:24,2
DA:27,2
DA:36,2
DA:57,0
DA:64,0
DA:65,0
DA:66,0
DA:68,0
DA:75,0
DA:88,0
DA:89,0
DA:90,0
DA:92,0
DA:95,0
DA:98,0
DA:106,6
DA:107,0
DA:111,6
DA:112,0
DA:114,0
DA:116,0
DA:117,0
DA:119,0
DA:120,0
DA:122,0
DA:123,0
DA:125,0
DA:130,6
DA:131,0
DA:138,2
DA:139,2
DA:140,1
DA:141,2
DA:142,0
DA:143,0
DA:146,0
DA:147,0
DA:148,0
DA:149,0
DA:150,0
DA:151,1
DA:155,0
DA:156,0
DA:157,0
DA:158,0
DA:160,0
DA:161,0
DA:162,0
DA:163,0
DA:165,0
DA:166,0
DA:167,0
DA:171,0
DA:177,2
DA:178,0
DA:181,2
LF:62
LH:18
BRDA:18,0,0,0
BRDA:18,0,1,2
BRDA:23,1,0,2
BRDA:23,1,1,0
BRDA:24,2,0,2
BRDA:24,2,1,2
BRDA:24,3,0,0
BRDA:24,3,1,2
BRDA:63,4,0,0
BRDA:65,5,0,0
BRDA:65,5,1,0
BRDA:65,5,2,0
BRDA:66,6,0,0
BRDA:66,6,1,0
BRDA:74,7,0,0
BRDA:87,8,0,0
BRDA:104,9,0,0
BRDA:106,10,0,0
BRDA:106,10,1,6
BRDA:111,11,0,0
BRDA:111,11,1,6
BRDA:114,12,0,0
BRDA:114,12,1,0
BRDA:114,12,2,0
BRDA:114,12,3,0
BRDA:130,13,0,0
BRDA:130,13,1,6
BRDA:139,14,0,1
BRDA:140,15,0,1
BRDA:141,16,0,1
BRDA:142,17,0,0
BRDA:143,18,0,0
BRDA:146,19,0,0
BRDA:147,20,0,0
BRDA:148,21,0,0
BRDA:149,22,0,0
BRDA:150,23,0,0
BRDA:151,24,0,1
BRDA:154,25,0,0
BRDA:165,26,0,0
BRDA:165,26,1,0
BRDA:177,27,0,0
BRDA:177,27,1,2
BRF:43
BRH:13
end_of_record
TN:
SF:utils/mitgliedsausweisGenerator.js
FN:6,(anonymous_0)
FN:16,(anonymous_1)
FN:17,(anonymous_2)
FN:48,(anonymous_3)
FN:72,(anonymous_4)
FN:121,(anonymous_5)
FN:139,(anonymous_6)
FNF:7
FNH:0
FNDA:0,(anonymous_0)
FNDA:0,(anonymous_1)
FNDA:0,(anonymous_2)
FNDA:0,(anonymous_3)
FNDA:0,(anonymous_4)
FNDA:0,(anonymous_5)
FNDA:0,(anonymous_6)
DA:1,0
DA:2,0
DA:3,0
DA:7,0
DA:17,0
DA:18,0
DA:20,0
DA:26,0
DA:29,0
DA:32,0
DA:35,0
DA:37,0
DA:39,0
DA:40,0
DA:50,0
DA:51,0
DA:55,0
DA:59,0
DA:64,0
DA:73,0
DA:75,0
DA:79,0
DA:83,0
DA:85,0
DA:89,0
DA:91,0
DA:95,0
DA:96,0
DA:98,0
DA:103,0
DA:104,0
DA:106,0
DA:110,0
DA:111,0
DA:113,0
DA:123,0
DA:124,0
DA:126,0
DA:131,0
DA:140,0
DA:141,0
DA:142,0
DA:143,0
DA:144,0
DA:145,0
DA:149,0
LF:46
LH:0
BRDA:50,0,0,0
BRDA:50,0,1,0
BRDA:57,1,0,0
BRDA:57,1,1,0
BRDA:61,2,0,0
BRDA:61,2,1,0
BRDA:95,3,0,0
BRDA:95,3,1,0
BRDA:103,4,0,0
BRDA:103,4,1,0
BRDA:110,5,0,0
BRDA:110,5,1,0
BRDA:140,6,0,0
BRDA:140,6,1,0
BRF:14
BRH:0
end_of_record
TN:
SF:utils/rechnungAutomation.js
FN:12,(anonymous_0)
FN:13,(anonymous_1)
FN:14,(anonymous_2)
FN:22,(anonymous_3)
FN:39,createRechnungForVerkauf
FN:175,createRechnungForBeitrag
FNF:6
FNH:0
FNDA:0,(anonymous_0)
FNDA:0,(anonymous_1)
FNDA:0,(anonymous_2)
FNDA:0,(anonymous_3)
FNDA:0,createRechnungForVerkauf
FNDA:0,createRechnungForBeitrag
DA:9,0
DA:12,0
DA:13,0
DA:14,0
DA:15,0
DA:16,0
DA:22,0
DA:23,0
DA:24,0
DA:25,0
DA:26,0
DA:27,0
DA:40,0
DA:49,0
DA:52,0
DA:53,0
DA:57,0
DA:60,0
DA:61,0
DA:62,0
DA:64,0
DA:65,0
DA:66,0
DA:67,0
DA:70,0
DA:79,0
DA:84,0
DA:85,0
DA:87,0
DA:104,0
DA:105,0
DA:108,0
DA:109,0
DA:110,0
DA:116,0
DA:117,0
DA:119,0
DA:129,0
DA:133,0
DA:134,0
DA:140,0
DA:149,0
DA:151,0
DA:159,0
DA:160,0
DA:176,0
DA:178,0
DA:184,0
DA:186,0
DA:187,0
DA:190,0
DA:193,0
DA:194,0
DA:195,0
DA:199,0
DA:208,0
DA:210,0
DA:211,0
DA:212,0
DA:216,0
DA:219,0
DA:220,0
DA:221,0
DA:223,0
DA:224,0
DA:225,0
DA:226,0
DA:229,0
DA:237,0
DA:239,0
DA:254,0
DA:255,0
DA:258,0
DA:264,0
DA:275,0
DA:277,0
DA:285,0
DA:286,0
DA:290,0
LF:79
LH:0
BRDA:12,0,0,0
BRDA:15,1,0,0
BRDA:15,1,1,0
BRDA:52,2,0,0
BRDA:52,2,1,0
BRDA:52,3,0,0
BRDA:52,3,1,0
BRDA:60,4,0,0
BRDA:60,4,1,0
BRDA:61,5,0,0
BRDA:61,5,1,0
BRDA:79,6,0,0
BRDA:79,6,1,0
BRDA:84,7,0,0
BRDA:84,7,1,0
BRDA:84,8,0,0
BRDA:84,8,1,0
BRDA:85,9,0,0
BRDA:85,9,1,0
BRDA:89,10,0,0
BRDA:89,10,1,0
BRDA:133,11,0,0
BRDA:133,11,1,0
BRDA:186,12,0,0
BRDA:186,12,1,0
BRDA:193,13,0,0
BRDA:193,13,1,0
BRDA:210,14,0,0
BRDA:210,14,1,0
BRDA:219,15,0,0
BRDA:219,15,1,0
BRDA:223,16,0,0
BRDA:223,16,1,0
BRDA:237,17,0,0
BRDA:237,17,1,0
BRDA:272,18,0,0
BRDA:272,18,1,0
BRF:37
BRH:0
end_of_record
TN:
SF:utils/sepaPdfGenerator.js
FN:16,(anonymous_0)
FN:20,(anonymous_1)
FN:21,(anonymous_2)
FN:38,(anonymous_3)
FN:39,(anonymous_4)
FN:64,(anonymous_5)
FN:102,(anonymous_6)
FN:145,(anonymous_7)
FN:197,(anonymous_8)
FN:243,(anonymous_9)
FN:308,(anonymous_10)
FN:343,(anonymous_11)
FN:397,(anonymous_12)
FNF:13
FNH:0
FNDA:0,(anonymous_0)
FNDA:0,(anonymous_1)
FNDA:0,(anonymous_2)
FNDA:0,(anonymous_3)
FNDA:0,(anonymous_4)
FNDA:0,(anonymous_5)
FNDA:0,(anonymous_6)
FNDA:0,(anonymous_7)
FNDA:0,(anonymous_8)
FNDA:0,(anonymous_9)
FNDA:0,(anonymous_10)
FNDA:0,(anonymous_11)
FNDA:0,(anonymous_12)
DA:1,0
DA:2,0
DA:3,0
DA:6,0
DA:17,0
DA:21,0
DA:22,0
DA:24,0
DA:35,0
DA:38,0
DA:39,0
DA:40,0
DA:41,0
DA:43,0
DA:46,0
DA:47,0
DA:48,0
DA:49,0
DA:50,0
DA:51,0
DA:52,0
DA:53,0
DA:56,0
DA:59,0
DA:65,0
DA:68,0
DA:73,0
DA:82,0
DA:91,0
DA:98,0
DA:99,0
DA:103,0
DA:106,0
DA:109,0
DA:112,0
DA:117,0
DA:123,0
DA:128,0
DA:133,0
DA:136,0
DA:137,0
DA:142,0
DA:146,0
DA:149,0
DA:154,0
DA:157,0
DA:160,0
DA:163,0
DA:164,0
DA:169,0
DA:172,0
DA:173,0
DA:176,0
DA:179,0
DA:180,0
DA:181,0
DA:184,0
DA:187,0
DA:188,0
DA:189,0
DA:194,0
DA:198,0
DA:201,0
DA:206,0
DA:209,0
DA:212,0
DA:215,0
DA:220,0
DA:223,0
DA:224,0
DA:225,0
DA:228,0
DA:232,0
DA:233,0
DA:234,0
DA:235,0
DA:238,0
DA:240,0
DA:244,0
DA:247,0
DA:252,0
DA:255,0
DA:258,0
DA:261,0
DA:266,0
DA:272,0
DA:277,0
DA:282,0
DA:285,0
DA:290,0
DA:294,0
DA:295,0
DA:300,0
DA:305,0
DA:309,0
DA:312,0
DA:317,0
DA:320,0
DA:323,0
DA:326,0
DA:330,0
DA:340,0
DA:344,0
DA:347,0
DA:352,0
DA:355,0
DA:358,0
DA:361,0
DA:367,0
DA:374,0
DA:377,0
DA:381,0
DA:384,0
DA:389,0
DA:394,0
DA:398,0
DA:401,0
DA:408,0
DA:417,0
DA:418,0
DA:424,0
DA:434,0
LF:122
LH:0
BRDA:163,0,0,0
BRDA:163,0,1,0
BRDA:172,1,0,0
BRDA:172,1,1,0
BRDA:172,2,0,0
BRDA:172,2,1,0
BRDA:179,3,0,0
BRDA:179,3,1,0
BRDA:179,4,0,0
BRDA:179,4,1,0
BRDA:187,5,0,0
BRDA:187,5,1,0
BRDA:223,6,0,0
BRDA:223,6,1,0
BRDA:223,7,0,0
BRDA:223,7,1,0
BRDA:224,8,0,0
BRDA:224,8,1,0
BRDA:232,9,0,0
BRDA:232,9,1,0
BRDA:232,10,0,0
BRDA:232,10,1,0
BRDA:233,11,0,0
BRDA:233,11,1,0
BRDA:269,12,0,0
BRDA:269,12,1,0
BRDA:280,13,0,0
BRDA:280,13,1,0
BRDA:292,14,0,0
BRDA:292,14,1,0
BRDA:294,15,0,0
BRDA:294,15,1,0
BRF:32
BRH:0
end_of_record
TN:
SF:utils/urkundePdfGenerator.js
FN:18,(anonymous_0)
FN:19,(anonymous_1)
FN:28,(anonymous_2)
FN:29,(anonymous_3)
FN:194,(anonymous_4)
FN:205,(anonymous_5)
FN:206,(anonymous_6)
FN:216,(anonymous_7)
FNF:8
FNH:0
FNDA:0,(anonymous_0)
FNDA:0,(anonymous_1)
FNDA:0,(anonymous_2)
FNDA:0,(anonymous_3)
FNDA:0,(anonymous_4)
FNDA:0,(anonymous_5)
FNDA:0,(anonymous_6)
FNDA:0,(anonymous_7)
DA:6,0
DA:7,0
DA:8,0
DA:19,0
DA:20,0
DA:21,0
DA:27,0
DA:28,0
DA:29,0
DA:30,0
DA:33,0
DA:38,0
DA:44,0
DA:50,0
DA:56,0
DA:62,0
DA:68,0
DA:69,0
DA:70,0
DA:77,0
DA:83,0
DA:89,0
DA:95,0
DA:101,0
DA:102,0
DA:108,0
DA:109,0
DA:116,0
DA:122,0
DA:123,0
DA:135,0
DA:136,0
DA:137,0
DA:140,0
DA:146,0
DA:150,0
DA:156,0
DA:160,0
DA:166,0
DA:167,0
DA:179,0
DA:182,0
DA:195,0
DA:196,0
DA:206,0
DA:207,0
DA:210,0
DA:211,0
DA:214,0
DA:216,0
DA:217,0
DA:218,0
DA:220,0
DA:227,0
LF:54
LH:0
BRDA:53,0,0,0
BRDA:53,0,1,0
BRDA:68,1,0,0
BRDA:68,1,1,0
BRDA:101,2,0,0
BRDA:101,2,1,0
BRDA:108,3,0,0
BRDA:108,3,1,0
BRDA:122,4,0,0
BRDA:122,4,1,0
BRDA:122,5,0,0
BRDA:122,5,1,0
BRDA:143,6,0,0
BRDA:143,6,1,0
BRDA:166,7,0,0
BRDA:166,7,1,0
BRDA:210,8,0,0
BRDA:210,8,1,0
BRDA:217,9,0,0
BRDA:217,9,1,0
BRF:20
BRH:0
end_of_record
TN:
SF:utils/vertragPdfGenerator.js
FN:15,generateVertragPDF
FN:16,(anonymous_1)
FN:32,(anonymous_2)
FNF:3
FNH:0
FNDA:0,generateVertragPDF
FNDA:0,(anonymous_1)
FNDA:0,(anonymous_2)
DA:2,0
DA:3,0
DA:4,0
DA:16,0
DA:17,0
DA:18,0
DA:30,0
DA:31,0
DA:32,0
DA:33,0
DA:34,0
DA:36,0
DA:39,0
DA:47,0
DA:48,0
DA:50,0
DA:51,0
DA:53,0
DA:54,0
DA:57,0
DA:60,0
DA:67,0
DA:68,0
DA:76,0
DA:84,0
DA:85,0
DA:88,0
DA:99,0
DA:100,0
DA:103,0
DA:114,0
DA:123,0
DA:124,0
DA:125,0
DA:126,0
DA:129,0
DA:130,0
DA:131,0
DA:132,0
DA:133,0
DA:136,0
DA:137,0
DA:138,0
DA:139,0
DA:141,0
DA:142,0
DA:145,0
DA:146,0
DA:147,0
DA:148,0
DA:150,0
DA:151,0
DA:154,0
DA:157,0
DA:160,0
DA:168,0
DA:169,0
DA:172,0
DA:173,0
DA:182,0
DA:183,0
DA:192,0
DA:193,0
DA:202,0
DA:203,0
DA:212,0
DA:213,0
DA:222,0
DA:223,0
DA:231,0
DA:234,0
DA:242,0
DA:249,0
DA:250,0
DA:252,0
DA:253,0
DA:254,0
DA:263,0
DA:264,0
DA:265,0
DA:269,0
DA:270,0
DA:274,0
DA:277,0
DA:285,0
DA:286,0
DA:287,0
DA:288,0
DA:290,0
DA:293,0
DA:294,0
DA:295,0
DA:296,0
DA:297,0
DA:299,0
DA:303,0
DA:306,0
DA:309,0
DA:324,0
DA:327,0
DA:328,0
DA:336,0
DA:339,0
DA:344,0
LF:104
LH:0
BRDA:15,0,0,0
BRDA:15,1,0,0
BRDA:47,2,0,0
BRDA:47,2,1,0
BRDA:47,3,0,0
BRDA:47,3,1,0
BRDA:50,4,0,0
BRDA:50,4,1,0
BRDA:53,5,0,0
BRDA:53,5,1,0
BRDA:67,6,0,0
BRDA:67,6,1,0
BRDA:92,7,0,0
BRDA:92,7,1,0
BRDA:92,8,0,0
BRDA:92,8,1,0
BRDA:93,9,0,0
BRDA:93,9,1,0
BRDA:93,10,0,0
BRDA:93,10,1,0
BRDA:94,11,0,0
BRDA:94,11,1,0
BRDA:107,12,0,0
BRDA:107,12,1,0
BRDA:108,13,0,0
BRDA:108,13,1,0
BRDA:123,14,0,0
BRDA:123,14,1,0
BRDA:124,15,0,0
BRDA:124,15,1,0
BRDA:125,16,0,0
BRDA:125,16,1,0
BRDA:126,17,0,0
BRDA:126,17,1,0
BRDA:130,18,0,0
BRDA:130,18,1,0
BRDA:138,19,0,0
BRDA:138,19,1,0
BRDA:141,20,0,0
BRDA:141,20,1,0
BRDA:145,21,0,0
BRDA:145,21,1,0
BRDA:147,22,0,0
BRDA:147,22,1,0
BRDA:172,23,0,0
BRDA:172,23,1,0
BRDA:175,24,0,0
BRDA:175,24,1,0
BRDA:182,25,0,0
BRDA:182,25,1,0
BRDA:185,26,0,0
BRDA:185,26,1,0
BRDA:192,27,0,0
BRDA:192,27,1,0
BRDA:202,28,0,0
BRDA:202,28,1,0
BRDA:212,29,0,0
BRDA:212,29,1,0
BRDA:222,30,0,0
BRDA:222,30,1,0
BRDA:249,31,0,0
BRDA:249,31,1,0
BRDA:250,32,0,0
BRDA:250,32,1,0
BRDA:252,33,0,0
BRDA:252,33,1,0
BRDA:252,34,0,0
BRDA:252,34,1,0
BRDA:263,35,0,0
BRDA:263,35,1,0
BRDA:263,36,0,0
BRDA:263,36,1,0
BRDA:269,37,0,0
BRDA:269,37,1,0
BRDA:285,38,0,0
BRDA:285,38,1,0
BRDA:287,39,0,0
BRDA:287,39,1,0
BRDA:293,40,0,0
BRDA:293,40,1,0
BRF:80
BRH:0
end_of_record
